The system is: Linux - 6.5.0-41-generic - x86_64
Compiling the C compiler identification source file "CMakeCCompilerId.c" succeeded.
Compiler: /usr/bin/cc 
Build flags: 
Id flags:  

The output was:
0


Compilation of the C compiler identification source "CMakeCCompilerId.c" produced "a.out"

The C compiler identification is GNU, found in "/home/grvermeer/seheecho/DirectXShaderCompiler/builds/CMakeFiles/3.22.1/CompilerIdC/a.out"

Compiling the CXX compiler identification source file "CMakeCXXCompilerId.cpp" succeeded.
Compiler: /usr/bin/c++ 
Build flags: 
Id flags:  

The output was:
0


Compilation of the CXX compiler identification source "CMakeCXXCompilerId.cpp" produced "a.out"

The CXX compiler identification is GNU, found in "/home/grvermeer/seheecho/DirectXShaderCompiler/builds/CMakeFiles/3.22.1/CompilerIdCXX/a.out"

Detecting C compiler ABI info compiled with the following output:
Change Dir: /home/grvermeer/seheecho/DirectXShaderCompiler/builds/CMakeFiles/CMakeTmp

Run Build Command(s):/usr/bin/ninja cmTC_11c20 && [1/2] Building C object CMakeFiles/cmTC_11c20.dir/CMakeCCompilerABI.c.o
Using built-in specs.
COLLECT_GCC=/usr/bin/cc
OFFLOAD_TARGET_NAMES=nvptx-none:amdgcn-amdhsa
OFFLOAD_TARGET_DEFAULT=1
Target: x86_64-linux-gnu
Configured with: ../src/configure -v --with-pkgversion='Ubuntu 11.4.0-1ubuntu1~22.04' --with-bugurl=file:///usr/share/doc/gcc-11/README.Bugs --enable-languages=c,ada,c++,go,brig,d,fortran,objc,obj-c++,m2 --prefix=/usr --with-gcc-major-version-only --program-suffix=-11 --program-prefix=x86_64-linux-gnu- --enable-shared --enable-linker-build-id --libexecdir=/usr/lib --without-included-gettext --enable-threads=posix --libdir=/usr/lib --enable-nls --enable-bootstrap --enable-clocale=gnu --enable-libstdcxx-debug --enable-libstdcxx-time=yes --with-default-libstdcxx-abi=new --enable-gnu-unique-object --disable-vtable-verify --enable-plugin --enable-default-pie --with-system-zlib --enable-libphobos-checking=release --with-target-system-zlib=auto --enable-objc-gc=auto --enable-multiarch --disable-werror --enable-cet --with-arch-32=i686 --with-abi=m64 --with-multilib-list=m32,m64,mx32 --enable-multilib --with-tune=generic --enable-offload-targets=nvptx-none=/build/gcc-11-XeT9lY/gcc-11-11.4.0/debian/tmp-nvptx/usr,amdgcn-amdhsa=/build/gcc-11-XeT9lY/gcc-11-11.4.0/debian/tmp-gcn/usr --without-cuda-driver --enable-checking=release --build=x86_64-linux-gnu --host=x86_64-linux-gnu --target=x86_64-linux-gnu --with-build-config=bootstrap-lto-lean --enable-link-serialization=2
Thread model: posix
Supported LTO compression algorithms: zlib zstd
gcc version 11.4.0 (Ubuntu 11.4.0-1ubuntu1~22.04) 
COLLECT_GCC_OPTIONS='-v' '-o' 'CMakeFiles/cmTC_11c20.dir/CMakeCCompilerABI.c.o' '-c' '-mtune=generic' '-march=x86-64' '-dumpdir' 'CMakeFiles/cmTC_11c20.dir/'
 /usr/lib/gcc/x86_64-linux-gnu/11/cc1 -quiet -v -imultiarch x86_64-linux-gnu /usr/share/cmake-3.22/Modules/CMakeCCompilerABI.c -quiet -dumpdir CMakeFiles/cmTC_11c20.dir/ -dumpbase CMakeCCompilerABI.c.c -dumpbase-ext .c -mtune=generic -march=x86-64 -version -fasynchronous-unwind-tables -fstack-protector-strong -Wformat -Wformat-security -fstack-clash-protection -fcf-protection -o /tmp/ccLxyqzE.s
GNU C17 (Ubuntu 11.4.0-1ubuntu1~22.04) version 11.4.0 (x86_64-linux-gnu)
	compiled by GNU C version 11.4.0, GMP version 6.2.1, MPFR version 4.1.0, MPC version 1.2.1, isl version isl-0.24-GMP

GGC heuristics: --param ggc-min-expand=100 --param ggc-min-heapsize=131072
ignoring nonexistent directory "/usr/local/include/x86_64-linux-gnu"
ignoring nonexistent directory "/usr/lib/gcc/x86_64-linux-gnu/11/include-fixed"
ignoring nonexistent directory "/usr/lib/gcc/x86_64-linux-gnu/11/../../../../x86_64-linux-gnu/include"
#include "..." search starts here:
#include <...> search starts here:
 /usr/lib/gcc/x86_64-linux-gnu/11/include
 /usr/local/include
 /usr/include/x86_64-linux-gnu
 /usr/include
End of search list.
GNU C17 (Ubuntu 11.4.0-1ubuntu1~22.04) version 11.4.0 (x86_64-linux-gnu)
	compiled by GNU C version 11.4.0, GMP version 6.2.1, MPFR version 4.1.0, MPC version 1.2.1, isl version isl-0.24-GMP

GGC heuristics: --param ggc-min-expand=100 --param ggc-min-heapsize=131072
Compiler executable checksum: 50eaa2331df977b8016186198deb2d18
COLLECT_GCC_OPTIONS='-v' '-o' 'CMakeFiles/cmTC_11c20.dir/CMakeCCompilerABI.c.o' '-c' '-mtune=generic' '-march=x86-64' '-dumpdir' 'CMakeFiles/cmTC_11c20.dir/'
 as -v --64 -o CMakeFiles/cmTC_11c20.dir/CMakeCCompilerABI.c.o /tmp/ccLxyqzE.s
GNU assembler version 2.38 (x86_64-linux-gnu) using BFD version (GNU Binutils for Ubuntu) 2.38
COMPILER_PATH=/usr/lib/gcc/x86_64-linux-gnu/11/:/usr/lib/gcc/x86_64-linux-gnu/11/:/usr/lib/gcc/x86_64-linux-gnu/:/usr/lib/gcc/x86_64-linux-gnu/11/:/usr/lib/gcc/x86_64-linux-gnu/
LIBRARY_PATH=/usr/lib/gcc/x86_64-linux-gnu/11/:/usr/lib/gcc/x86_64-linux-gnu/11/../../../x86_64-linux-gnu/:/usr/lib/gcc/x86_64-linux-gnu/11/../../../../lib/:/lib/x86_64-linux-gnu/:/lib/../lib/:/usr/lib/x86_64-linux-gnu/:/usr/lib/../lib/:/usr/lib/gcc/x86_64-linux-gnu/11/../../../:/lib/:/usr/lib/
COLLECT_GCC_OPTIONS='-v' '-o' 'CMakeFiles/cmTC_11c20.dir/CMakeCCompilerABI.c.o' '-c' '-mtune=generic' '-march=x86-64' '-dumpdir' 'CMakeFiles/cmTC_11c20.dir/CMakeCCompilerABI.c.'
[2/2] Linking C executable cmTC_11c20
Using built-in specs.
COLLECT_GCC=/usr/bin/cc
COLLECT_LTO_WRAPPER=/usr/lib/gcc/x86_64-linux-gnu/11/lto-wrapper
OFFLOAD_TARGET_NAMES=nvptx-none:amdgcn-amdhsa
OFFLOAD_TARGET_DEFAULT=1
Target: x86_64-linux-gnu
Configured with: ../src/configure -v --with-pkgversion='Ubuntu 11.4.0-1ubuntu1~22.04' --with-bugurl=file:///usr/share/doc/gcc-11/README.Bugs --enable-languages=c,ada,c++,go,brig,d,fortran,objc,obj-c++,m2 --prefix=/usr --with-gcc-major-version-only --program-suffix=-11 --program-prefix=x86_64-linux-gnu- --enable-shared --enable-linker-build-id --libexecdir=/usr/lib --without-included-gettext --enable-threads=posix --libdir=/usr/lib --enable-nls --enable-bootstrap --enable-clocale=gnu --enable-libstdcxx-debug --enable-libstdcxx-time=yes --with-default-libstdcxx-abi=new --enable-gnu-unique-object --disable-vtable-verify --enable-plugin --enable-default-pie --with-system-zlib --enable-libphobos-checking=release --with-target-system-zlib=auto --enable-objc-gc=auto --enable-multiarch --disable-werror --enable-cet --with-arch-32=i686 --with-abi=m64 --with-multilib-list=m32,m64,mx32 --enable-multilib --with-tune=generic --enable-offload-targets=nvptx-none=/build/gcc-11-XeT9lY/gcc-11-11.4.0/debian/tmp-nvptx/usr,amdgcn-amdhsa=/build/gcc-11-XeT9lY/gcc-11-11.4.0/debian/tmp-gcn/usr --without-cuda-driver --enable-checking=release --build=x86_64-linux-gnu --host=x86_64-linux-gnu --target=x86_64-linux-gnu --with-build-config=bootstrap-lto-lean --enable-link-serialization=2
Thread model: posix
Supported LTO compression algorithms: zlib zstd
gcc version 11.4.0 (Ubuntu 11.4.0-1ubuntu1~22.04) 
COMPILER_PATH=/usr/lib/gcc/x86_64-linux-gnu/11/:/usr/lib/gcc/x86_64-linux-gnu/11/:/usr/lib/gcc/x86_64-linux-gnu/:/usr/lib/gcc/x86_64-linux-gnu/11/:/usr/lib/gcc/x86_64-linux-gnu/
LIBRARY_PATH=/usr/lib/gcc/x86_64-linux-gnu/11/:/usr/lib/gcc/x86_64-linux-gnu/11/../../../x86_64-linux-gnu/:/usr/lib/gcc/x86_64-linux-gnu/11/../../../../lib/:/lib/x86_64-linux-gnu/:/lib/../lib/:/usr/lib/x86_64-linux-gnu/:/usr/lib/../lib/:/usr/lib/gcc/x86_64-linux-gnu/11/../../../:/lib/:/usr/lib/
COLLECT_GCC_OPTIONS='-v' '-o' 'cmTC_11c20' '-mtune=generic' '-march=x86-64' '-dumpdir' 'cmTC_11c20.'
 /usr/lib/gcc/x86_64-linux-gnu/11/collect2 -plugin /usr/lib/gcc/x86_64-linux-gnu/11/liblto_plugin.so -plugin-opt=/usr/lib/gcc/x86_64-linux-gnu/11/lto-wrapper -plugin-opt=-fresolution=/tmp/ccYYlcuD.res -plugin-opt=-pass-through=-lgcc -plugin-opt=-pass-through=-lgcc_s -plugin-opt=-pass-through=-lc -plugin-opt=-pass-through=-lgcc -plugin-opt=-pass-through=-lgcc_s --build-id --eh-frame-hdr -m elf_x86_64 --hash-style=gnu --as-needed -dynamic-linker /lib64/ld-linux-x86-64.so.2 -pie -z now -z relro -o cmTC_11c20 /usr/lib/gcc/x86_64-linux-gnu/11/../../../x86_64-linux-gnu/Scrt1.o /usr/lib/gcc/x86_64-linux-gnu/11/../../../x86_64-linux-gnu/crti.o /usr/lib/gcc/x86_64-linux-gnu/11/crtbeginS.o -L/usr/lib/gcc/x86_64-linux-gnu/11 -L/usr/lib/gcc/x86_64-linux-gnu/11/../../../x86_64-linux-gnu -L/usr/lib/gcc/x86_64-linux-gnu/11/../../../../lib -L/lib/x86_64-linux-gnu -L/lib/../lib -L/usr/lib/x86_64-linux-gnu -L/usr/lib/../lib -L/usr/lib/gcc/x86_64-linux-gnu/11/../../.. CMakeFiles/cmTC_11c20.dir/CMakeCCompilerABI.c.o -lgcc --push-state --as-needed -lgcc_s --pop-state -lc -lgcc --push-state --as-needed -lgcc_s --pop-state /usr/lib/gcc/x86_64-linux-gnu/11/crtendS.o /usr/lib/gcc/x86_64-linux-gnu/11/../../../x86_64-linux-gnu/crtn.o
COLLECT_GCC_OPTIONS='-v' '-o' 'cmTC_11c20' '-mtune=generic' '-march=x86-64' '-dumpdir' 'cmTC_11c20.'



Parsed C implicit include dir info from above output: rv=done
  found start of include info
  found start of implicit include info
    add: [/usr/lib/gcc/x86_64-linux-gnu/11/include]
    add: [/usr/local/include]
    add: [/usr/include/x86_64-linux-gnu]
    add: [/usr/include]
  end of search list found
  collapse include dir [/usr/lib/gcc/x86_64-linux-gnu/11/include] ==> [/usr/lib/gcc/x86_64-linux-gnu/11/include]
  collapse include dir [/usr/local/include] ==> [/usr/local/include]
  collapse include dir [/usr/include/x86_64-linux-gnu] ==> [/usr/include/x86_64-linux-gnu]
  collapse include dir [/usr/include] ==> [/usr/include]
  implicit include dirs: [/usr/lib/gcc/x86_64-linux-gnu/11/include;/usr/local/include;/usr/include/x86_64-linux-gnu;/usr/include]


Parsed C implicit link information from above output:
  link line regex: [^( *|.*[/\])(ld|CMAKE_LINK_STARTFILE-NOTFOUND|([^/\]+-)?ld|collect2)[^/\]*( |$)]
  ignore line: [Change Dir: /home/grvermeer/seheecho/DirectXShaderCompiler/builds/CMakeFiles/CMakeTmp]
  ignore line: []
  ignore line: [Run Build Command(s):/usr/bin/ninja cmTC_11c20 && [1/2] Building C object CMakeFiles/cmTC_11c20.dir/CMakeCCompilerABI.c.o]
  ignore line: [Using built-in specs.]
  ignore line: [COLLECT_GCC=/usr/bin/cc]
  ignore line: [OFFLOAD_TARGET_NAMES=nvptx-none:amdgcn-amdhsa]
  ignore line: [OFFLOAD_TARGET_DEFAULT=1]
  ignore line: [Target: x86_64-linux-gnu]
  ignore line: [Configured with: ../src/configure -v --with-pkgversion='Ubuntu 11.4.0-1ubuntu1~22.04' --with-bugurl=file:///usr/share/doc/gcc-11/README.Bugs --enable-languages=c ada c++ go brig d fortran objc obj-c++ m2 --prefix=/usr --with-gcc-major-version-only --program-suffix=-11 --program-prefix=x86_64-linux-gnu- --enable-shared --enable-linker-build-id --libexecdir=/usr/lib --without-included-gettext --enable-threads=posix --libdir=/usr/lib --enable-nls --enable-bootstrap --enable-clocale=gnu --enable-libstdcxx-debug --enable-libstdcxx-time=yes --with-default-libstdcxx-abi=new --enable-gnu-unique-object --disable-vtable-verify --enable-plugin --enable-default-pie --with-system-zlib --enable-libphobos-checking=release --with-target-system-zlib=auto --enable-objc-gc=auto --enable-multiarch --disable-werror --enable-cet --with-arch-32=i686 --with-abi=m64 --with-multilib-list=m32 m64 mx32 --enable-multilib --with-tune=generic --enable-offload-targets=nvptx-none=/build/gcc-11-XeT9lY/gcc-11-11.4.0/debian/tmp-nvptx/usr amdgcn-amdhsa=/build/gcc-11-XeT9lY/gcc-11-11.4.0/debian/tmp-gcn/usr --without-cuda-driver --enable-checking=release --build=x86_64-linux-gnu --host=x86_64-linux-gnu --target=x86_64-linux-gnu --with-build-config=bootstrap-lto-lean --enable-link-serialization=2]
  ignore line: [Thread model: posix]
  ignore line: [Supported LTO compression algorithms: zlib zstd]
  ignore line: [gcc version 11.4.0 (Ubuntu 11.4.0-1ubuntu1~22.04) ]
  ignore line: [COLLECT_GCC_OPTIONS='-v' '-o' 'CMakeFiles/cmTC_11c20.dir/CMakeCCompilerABI.c.o' '-c' '-mtune=generic' '-march=x86-64' '-dumpdir' 'CMakeFiles/cmTC_11c20.dir/']
  ignore line: [ /usr/lib/gcc/x86_64-linux-gnu/11/cc1 -quiet -v -imultiarch x86_64-linux-gnu /usr/share/cmake-3.22/Modules/CMakeCCompilerABI.c -quiet -dumpdir CMakeFiles/cmTC_11c20.dir/ -dumpbase CMakeCCompilerABI.c.c -dumpbase-ext .c -mtune=generic -march=x86-64 -version -fasynchronous-unwind-tables -fstack-protector-strong -Wformat -Wformat-security -fstack-clash-protection -fcf-protection -o /tmp/ccLxyqzE.s]
  ignore line: [GNU C17 (Ubuntu 11.4.0-1ubuntu1~22.04) version 11.4.0 (x86_64-linux-gnu)]
  ignore line: [	compiled by GNU C version 11.4.0  GMP version 6.2.1  MPFR version 4.1.0  MPC version 1.2.1  isl version isl-0.24-GMP]
  ignore line: []
  ignore line: [GGC heuristics: --param ggc-min-expand=100 --param ggc-min-heapsize=131072]
  ignore line: [ignoring nonexistent directory "/usr/local/include/x86_64-linux-gnu"]
  ignore line: [ignoring nonexistent directory "/usr/lib/gcc/x86_64-linux-gnu/11/include-fixed"]
  ignore line: [ignoring nonexistent directory "/usr/lib/gcc/x86_64-linux-gnu/11/../../../../x86_64-linux-gnu/include"]
  ignore line: [#include "..." search starts here:]
  ignore line: [#include <...> search starts here:]
  ignore line: [ /usr/lib/gcc/x86_64-linux-gnu/11/include]
  ignore line: [ /usr/local/include]
  ignore line: [ /usr/include/x86_64-linux-gnu]
  ignore line: [ /usr/include]
  ignore line: [End of search list.]
  ignore line: [GNU C17 (Ubuntu 11.4.0-1ubuntu1~22.04) version 11.4.0 (x86_64-linux-gnu)]
  ignore line: [	compiled by GNU C version 11.4.0  GMP version 6.2.1  MPFR version 4.1.0  MPC version 1.2.1  isl version isl-0.24-GMP]
  ignore line: []
  ignore line: [GGC heuristics: --param ggc-min-expand=100 --param ggc-min-heapsize=131072]
  ignore line: [Compiler executable checksum: 50eaa2331df977b8016186198deb2d18]
  ignore line: [COLLECT_GCC_OPTIONS='-v' '-o' 'CMakeFiles/cmTC_11c20.dir/CMakeCCompilerABI.c.o' '-c' '-mtune=generic' '-march=x86-64' '-dumpdir' 'CMakeFiles/cmTC_11c20.dir/']
  ignore line: [ as -v --64 -o CMakeFiles/cmTC_11c20.dir/CMakeCCompilerABI.c.o /tmp/ccLxyqzE.s]
  ignore line: [GNU assembler version 2.38 (x86_64-linux-gnu) using BFD version (GNU Binutils for Ubuntu) 2.38]
  ignore line: [COMPILER_PATH=/usr/lib/gcc/x86_64-linux-gnu/11/:/usr/lib/gcc/x86_64-linux-gnu/11/:/usr/lib/gcc/x86_64-linux-gnu/:/usr/lib/gcc/x86_64-linux-gnu/11/:/usr/lib/gcc/x86_64-linux-gnu/]
  ignore line: [LIBRARY_PATH=/usr/lib/gcc/x86_64-linux-gnu/11/:/usr/lib/gcc/x86_64-linux-gnu/11/../../../x86_64-linux-gnu/:/usr/lib/gcc/x86_64-linux-gnu/11/../../../../lib/:/lib/x86_64-linux-gnu/:/lib/../lib/:/usr/lib/x86_64-linux-gnu/:/usr/lib/../lib/:/usr/lib/gcc/x86_64-linux-gnu/11/../../../:/lib/:/usr/lib/]
  ignore line: [COLLECT_GCC_OPTIONS='-v' '-o' 'CMakeFiles/cmTC_11c20.dir/CMakeCCompilerABI.c.o' '-c' '-mtune=generic' '-march=x86-64' '-dumpdir' 'CMakeFiles/cmTC_11c20.dir/CMakeCCompilerABI.c.']
  ignore line: [[2/2] Linking C executable cmTC_11c20]
  ignore line: [Using built-in specs.]
  ignore line: [COLLECT_GCC=/usr/bin/cc]
  ignore line: [COLLECT_LTO_WRAPPER=/usr/lib/gcc/x86_64-linux-gnu/11/lto-wrapper]
  ignore line: [OFFLOAD_TARGET_NAMES=nvptx-none:amdgcn-amdhsa]
  ignore line: [OFFLOAD_TARGET_DEFAULT=1]
  ignore line: [Target: x86_64-linux-gnu]
  ignore line: [Configured with: ../src/configure -v --with-pkgversion='Ubuntu 11.4.0-1ubuntu1~22.04' --with-bugurl=file:///usr/share/doc/gcc-11/README.Bugs --enable-languages=c ada c++ go brig d fortran objc obj-c++ m2 --prefix=/usr --with-gcc-major-version-only --program-suffix=-11 --program-prefix=x86_64-linux-gnu- --enable-shared --enable-linker-build-id --libexecdir=/usr/lib --without-included-gettext --enable-threads=posix --libdir=/usr/lib --enable-nls --enable-bootstrap --enable-clocale=gnu --enable-libstdcxx-debug --enable-libstdcxx-time=yes --with-default-libstdcxx-abi=new --enable-gnu-unique-object --disable-vtable-verify --enable-plugin --enable-default-pie --with-system-zlib --enable-libphobos-checking=release --with-target-system-zlib=auto --enable-objc-gc=auto --enable-multiarch --disable-werror --enable-cet --with-arch-32=i686 --with-abi=m64 --with-multilib-list=m32 m64 mx32 --enable-multilib --with-tune=generic --enable-offload-targets=nvptx-none=/build/gcc-11-XeT9lY/gcc-11-11.4.0/debian/tmp-nvptx/usr amdgcn-amdhsa=/build/gcc-11-XeT9lY/gcc-11-11.4.0/debian/tmp-gcn/usr --without-cuda-driver --enable-checking=release --build=x86_64-linux-gnu --host=x86_64-linux-gnu --target=x86_64-linux-gnu --with-build-config=bootstrap-lto-lean --enable-link-serialization=2]
  ignore line: [Thread model: posix]
  ignore line: [Supported LTO compression algorithms: zlib zstd]
  ignore line: [gcc version 11.4.0 (Ubuntu 11.4.0-1ubuntu1~22.04) ]
  ignore line: [COMPILER_PATH=/usr/lib/gcc/x86_64-linux-gnu/11/:/usr/lib/gcc/x86_64-linux-gnu/11/:/usr/lib/gcc/x86_64-linux-gnu/:/usr/lib/gcc/x86_64-linux-gnu/11/:/usr/lib/gcc/x86_64-linux-gnu/]
  ignore line: [LIBRARY_PATH=/usr/lib/gcc/x86_64-linux-gnu/11/:/usr/lib/gcc/x86_64-linux-gnu/11/../../../x86_64-linux-gnu/:/usr/lib/gcc/x86_64-linux-gnu/11/../../../../lib/:/lib/x86_64-linux-gnu/:/lib/../lib/:/usr/lib/x86_64-linux-gnu/:/usr/lib/../lib/:/usr/lib/gcc/x86_64-linux-gnu/11/../../../:/lib/:/usr/lib/]
  ignore line: [COLLECT_GCC_OPTIONS='-v' '-o' 'cmTC_11c20' '-mtune=generic' '-march=x86-64' '-dumpdir' 'cmTC_11c20.']
  link line: [ /usr/lib/gcc/x86_64-linux-gnu/11/collect2 -plugin /usr/lib/gcc/x86_64-linux-gnu/11/liblto_plugin.so -plugin-opt=/usr/lib/gcc/x86_64-linux-gnu/11/lto-wrapper -plugin-opt=-fresolution=/tmp/ccYYlcuD.res -plugin-opt=-pass-through=-lgcc -plugin-opt=-pass-through=-lgcc_s -plugin-opt=-pass-through=-lc -plugin-opt=-pass-through=-lgcc -plugin-opt=-pass-through=-lgcc_s --build-id --eh-frame-hdr -m elf_x86_64 --hash-style=gnu --as-needed -dynamic-linker /lib64/ld-linux-x86-64.so.2 -pie -z now -z relro -o cmTC_11c20 /usr/lib/gcc/x86_64-linux-gnu/11/../../../x86_64-linux-gnu/Scrt1.o /usr/lib/gcc/x86_64-linux-gnu/11/../../../x86_64-linux-gnu/crti.o /usr/lib/gcc/x86_64-linux-gnu/11/crtbeginS.o -L/usr/lib/gcc/x86_64-linux-gnu/11 -L/usr/lib/gcc/x86_64-linux-gnu/11/../../../x86_64-linux-gnu -L/usr/lib/gcc/x86_64-linux-gnu/11/../../../../lib -L/lib/x86_64-linux-gnu -L/lib/../lib -L/usr/lib/x86_64-linux-gnu -L/usr/lib/../lib -L/usr/lib/gcc/x86_64-linux-gnu/11/../../.. CMakeFiles/cmTC_11c20.dir/CMakeCCompilerABI.c.o -lgcc --push-state --as-needed -lgcc_s --pop-state -lc -lgcc --push-state --as-needed -lgcc_s --pop-state /usr/lib/gcc/x86_64-linux-gnu/11/crtendS.o /usr/lib/gcc/x86_64-linux-gnu/11/../../../x86_64-linux-gnu/crtn.o]
    arg [/usr/lib/gcc/x86_64-linux-gnu/11/collect2] ==> ignore
    arg [-plugin] ==> ignore
    arg [/usr/lib/gcc/x86_64-linux-gnu/11/liblto_plugin.so] ==> ignore
    arg [-plugin-opt=/usr/lib/gcc/x86_64-linux-gnu/11/lto-wrapper] ==> ignore
    arg [-plugin-opt=-fresolution=/tmp/ccYYlcuD.res] ==> ignore
    arg [-plugin-opt=-pass-through=-lgcc] ==> ignore
    arg [-plugin-opt=-pass-through=-lgcc_s] ==> ignore
    arg [-plugin-opt=-pass-through=-lc] ==> ignore
    arg [-plugin-opt=-pass-through=-lgcc] ==> ignore
    arg [-plugin-opt=-pass-through=-lgcc_s] ==> ignore
    arg [--build-id] ==> ignore
    arg [--eh-frame-hdr] ==> ignore
    arg [-m] ==> ignore
    arg [elf_x86_64] ==> ignore
    arg [--hash-style=gnu] ==> ignore
    arg [--as-needed] ==> ignore
    arg [-dynamic-linker] ==> ignore
    arg [/lib64/ld-linux-x86-64.so.2] ==> ignore
    arg [-pie] ==> ignore
    arg [-znow] ==> ignore
    arg [-zrelro] ==> ignore
    arg [-o] ==> ignore
    arg [cmTC_11c20] ==> ignore
    arg [/usr/lib/gcc/x86_64-linux-gnu/11/../../../x86_64-linux-gnu/Scrt1.o] ==> obj [/usr/lib/gcc/x86_64-linux-gnu/11/../../../x86_64-linux-gnu/Scrt1.o]
    arg [/usr/lib/gcc/x86_64-linux-gnu/11/../../../x86_64-linux-gnu/crti.o] ==> obj [/usr/lib/gcc/x86_64-linux-gnu/11/../../../x86_64-linux-gnu/crti.o]
    arg [/usr/lib/gcc/x86_64-linux-gnu/11/crtbeginS.o] ==> obj [/usr/lib/gcc/x86_64-linux-gnu/11/crtbeginS.o]
    arg [-L/usr/lib/gcc/x86_64-linux-gnu/11] ==> dir [/usr/lib/gcc/x86_64-linux-gnu/11]
    arg [-L/usr/lib/gcc/x86_64-linux-gnu/11/../../../x86_64-linux-gnu] ==> dir [/usr/lib/gcc/x86_64-linux-gnu/11/../../../x86_64-linux-gnu]
    arg [-L/usr/lib/gcc/x86_64-linux-gnu/11/../../../../lib] ==> dir [/usr/lib/gcc/x86_64-linux-gnu/11/../../../../lib]
    arg [-L/lib/x86_64-linux-gnu] ==> dir [/lib/x86_64-linux-gnu]
    arg [-L/lib/../lib] ==> dir [/lib/../lib]
    arg [-L/usr/lib/x86_64-linux-gnu] ==> dir [/usr/lib/x86_64-linux-gnu]
    arg [-L/usr/lib/../lib] ==> dir [/usr/lib/../lib]
    arg [-L/usr/lib/gcc/x86_64-linux-gnu/11/../../..] ==> dir [/usr/lib/gcc/x86_64-linux-gnu/11/../../..]
    arg [CMakeFiles/cmTC_11c20.dir/CMakeCCompilerABI.c.o] ==> ignore
    arg [-lgcc] ==> lib [gcc]
    arg [--push-state] ==> ignore
    arg [--as-needed] ==> ignore
    arg [-lgcc_s] ==> lib [gcc_s]
    arg [--pop-state] ==> ignore
    arg [-lc] ==> lib [c]
    arg [-lgcc] ==> lib [gcc]
    arg [--push-state] ==> ignore
    arg [--as-needed] ==> ignore
    arg [-lgcc_s] ==> lib [gcc_s]
    arg [--pop-state] ==> ignore
    arg [/usr/lib/gcc/x86_64-linux-gnu/11/crtendS.o] ==> obj [/usr/lib/gcc/x86_64-linux-gnu/11/crtendS.o]
    arg [/usr/lib/gcc/x86_64-linux-gnu/11/../../../x86_64-linux-gnu/crtn.o] ==> obj [/usr/lib/gcc/x86_64-linux-gnu/11/../../../x86_64-linux-gnu/crtn.o]
  collapse obj [/usr/lib/gcc/x86_64-linux-gnu/11/../../../x86_64-linux-gnu/Scrt1.o] ==> [/usr/lib/x86_64-linux-gnu/Scrt1.o]
  collapse obj [/usr/lib/gcc/x86_64-linux-gnu/11/../../../x86_64-linux-gnu/crti.o] ==> [/usr/lib/x86_64-linux-gnu/crti.o]
  collapse obj [/usr/lib/gcc/x86_64-linux-gnu/11/../../../x86_64-linux-gnu/crtn.o] ==> [/usr/lib/x86_64-linux-gnu/crtn.o]
  collapse library dir [/usr/lib/gcc/x86_64-linux-gnu/11] ==> [/usr/lib/gcc/x86_64-linux-gnu/11]
  collapse library dir [/usr/lib/gcc/x86_64-linux-gnu/11/../../../x86_64-linux-gnu] ==> [/usr/lib/x86_64-linux-gnu]
  collapse library dir [/usr/lib/gcc/x86_64-linux-gnu/11/../../../../lib] ==> [/usr/lib]
  collapse library dir [/lib/x86_64-linux-gnu] ==> [/lib/x86_64-linux-gnu]
  collapse library dir [/lib/../lib] ==> [/lib]
  collapse library dir [/usr/lib/x86_64-linux-gnu] ==> [/usr/lib/x86_64-linux-gnu]
  collapse library dir [/usr/lib/../lib] ==> [/usr/lib]
  collapse library dir [/usr/lib/gcc/x86_64-linux-gnu/11/../../..] ==> [/usr/lib]
  implicit libs: [gcc;gcc_s;c;gcc;gcc_s]
  implicit objs: [/usr/lib/x86_64-linux-gnu/Scrt1.o;/usr/lib/x86_64-linux-gnu/crti.o;/usr/lib/gcc/x86_64-linux-gnu/11/crtbeginS.o;/usr/lib/gcc/x86_64-linux-gnu/11/crtendS.o;/usr/lib/x86_64-linux-gnu/crtn.o]
  implicit dirs: [/usr/lib/gcc/x86_64-linux-gnu/11;/usr/lib/x86_64-linux-gnu;/usr/lib;/lib/x86_64-linux-gnu;/lib]
  implicit fwks: []


Detecting CXX compiler ABI info compiled with the following output:
Change Dir: /home/grvermeer/seheecho/DirectXShaderCompiler/builds/CMakeFiles/CMakeTmp

Run Build Command(s):/usr/bin/ninja cmTC_01428 && [1/2] Building CXX object CMakeFiles/cmTC_01428.dir/CMakeCXXCompilerABI.cpp.o
Using built-in specs.
COLLECT_GCC=/usr/bin/c++
OFFLOAD_TARGET_NAMES=nvptx-none:amdgcn-amdhsa
OFFLOAD_TARGET_DEFAULT=1
Target: x86_64-linux-gnu
Configured with: ../src/configure -v --with-pkgversion='Ubuntu 11.4.0-1ubuntu1~22.04' --with-bugurl=file:///usr/share/doc/gcc-11/README.Bugs --enable-languages=c,ada,c++,go,brig,d,fortran,objc,obj-c++,m2 --prefix=/usr --with-gcc-major-version-only --program-suffix=-11 --program-prefix=x86_64-linux-gnu- --enable-shared --enable-linker-build-id --libexecdir=/usr/lib --without-included-gettext --enable-threads=posix --libdir=/usr/lib --enable-nls --enable-bootstrap --enable-clocale=gnu --enable-libstdcxx-debug --enable-libstdcxx-time=yes --with-default-libstdcxx-abi=new --enable-gnu-unique-object --disable-vtable-verify --enable-plugin --enable-default-pie --with-system-zlib --enable-libphobos-checking=release --with-target-system-zlib=auto --enable-objc-gc=auto --enable-multiarch --disable-werror --enable-cet --with-arch-32=i686 --with-abi=m64 --with-multilib-list=m32,m64,mx32 --enable-multilib --with-tune=generic --enable-offload-targets=nvptx-none=/build/gcc-11-XeT9lY/gcc-11-11.4.0/debian/tmp-nvptx/usr,amdgcn-amdhsa=/build/gcc-11-XeT9lY/gcc-11-11.4.0/debian/tmp-gcn/usr --without-cuda-driver --enable-checking=release --build=x86_64-linux-gnu --host=x86_64-linux-gnu --target=x86_64-linux-gnu --with-build-config=bootstrap-lto-lean --enable-link-serialization=2
Thread model: posix
Supported LTO compression algorithms: zlib zstd
gcc version 11.4.0 (Ubuntu 11.4.0-1ubuntu1~22.04) 
COLLECT_GCC_OPTIONS='-v' '-o' 'CMakeFiles/cmTC_01428.dir/CMakeCXXCompilerABI.cpp.o' '-c' '-shared-libgcc' '-mtune=generic' '-march=x86-64' '-dumpdir' 'CMakeFiles/cmTC_01428.dir/'
 /usr/lib/gcc/x86_64-linux-gnu/11/cc1plus -quiet -v -imultiarch x86_64-linux-gnu -D_GNU_SOURCE /usr/share/cmake-3.22/Modules/CMakeCXXCompilerABI.cpp -quiet -dumpdir CMakeFiles/cmTC_01428.dir/ -dumpbase CMakeCXXCompilerABI.cpp.cpp -dumpbase-ext .cpp -mtune=generic -march=x86-64 -version -fasynchronous-unwind-tables -fstack-protector-strong -Wformat -Wformat-security -fstack-clash-protection -fcf-protection -o /tmp/ccbaVldo.s
GNU C++17 (Ubuntu 11.4.0-1ubuntu1~22.04) version 11.4.0 (x86_64-linux-gnu)
	compiled by GNU C version 11.4.0, GMP version 6.2.1, MPFR version 4.1.0, MPC version 1.2.1, isl version isl-0.24-GMP

GGC heuristics: --param ggc-min-expand=100 --param ggc-min-heapsize=131072
ignoring duplicate directory "/usr/include/x86_64-linux-gnu/c++/11"
ignoring nonexistent directory "/usr/local/include/x86_64-linux-gnu"
ignoring nonexistent directory "/usr/lib/gcc/x86_64-linux-gnu/11/include-fixed"
ignoring nonexistent directory "/usr/lib/gcc/x86_64-linux-gnu/11/../../../../x86_64-linux-gnu/include"
#include "..." search starts here:
#include <...> search starts here:
 /usr/include/c++/11
 /usr/include/x86_64-linux-gnu/c++/11
 /usr/include/c++/11/backward
 /usr/lib/gcc/x86_64-linux-gnu/11/include
 /usr/local/include
 /usr/include/x86_64-linux-gnu
 /usr/include
End of search list.
GNU C++17 (Ubuntu 11.4.0-1ubuntu1~22.04) version 11.4.0 (x86_64-linux-gnu)
	compiled by GNU C version 11.4.0, GMP version 6.2.1, MPFR version 4.1.0, MPC version 1.2.1, isl version isl-0.24-GMP

GGC heuristics: --param ggc-min-expand=100 --param ggc-min-heapsize=131072
Compiler executable checksum: d591828bb4d392ae8b7b160e5bb0b95f
COLLECT_GCC_OPTIONS='-v' '-o' 'CMakeFiles/cmTC_01428.dir/CMakeCXXCompilerABI.cpp.o' '-c' '-shared-libgcc' '-mtune=generic' '-march=x86-64' '-dumpdir' 'CMakeFiles/cmTC_01428.dir/'
 as -v --64 -o CMakeFiles/cmTC_01428.dir/CMakeCXXCompilerABI.cpp.o /tmp/ccbaVldo.s
GNU assembler version 2.38 (x86_64-linux-gnu) using BFD version (GNU Binutils for Ubuntu) 2.38
COMPILER_PATH=/usr/lib/gcc/x86_64-linux-gnu/11/:/usr/lib/gcc/x86_64-linux-gnu/11/:/usr/lib/gcc/x86_64-linux-gnu/:/usr/lib/gcc/x86_64-linux-gnu/11/:/usr/lib/gcc/x86_64-linux-gnu/
LIBRARY_PATH=/usr/lib/gcc/x86_64-linux-gnu/11/:/usr/lib/gcc/x86_64-linux-gnu/11/../../../x86_64-linux-gnu/:/usr/lib/gcc/x86_64-linux-gnu/11/../../../../lib/:/lib/x86_64-linux-gnu/:/lib/../lib/:/usr/lib/x86_64-linux-gnu/:/usr/lib/../lib/:/usr/lib/gcc/x86_64-linux-gnu/11/../../../:/lib/:/usr/lib/
COLLECT_GCC_OPTIONS='-v' '-o' 'CMakeFiles/cmTC_01428.dir/CMakeCXXCompilerABI.cpp.o' '-c' '-shared-libgcc' '-mtune=generic' '-march=x86-64' '-dumpdir' 'CMakeFiles/cmTC_01428.dir/CMakeCXXCompilerABI.cpp.'
[2/2] Linking CXX executable cmTC_01428
Using built-in specs.
COLLECT_GCC=/usr/bin/c++
COLLECT_LTO_WRAPPER=/usr/lib/gcc/x86_64-linux-gnu/11/lto-wrapper
OFFLOAD_TARGET_NAMES=nvptx-none:amdgcn-amdhsa
OFFLOAD_TARGET_DEFAULT=1
Target: x86_64-linux-gnu
Configured with: ../src/configure -v --with-pkgversion='Ubuntu 11.4.0-1ubuntu1~22.04' --with-bugurl=file:///usr/share/doc/gcc-11/README.Bugs --enable-languages=c,ada,c++,go,brig,d,fortran,objc,obj-c++,m2 --prefix=/usr --with-gcc-major-version-only --program-suffix=-11 --program-prefix=x86_64-linux-gnu- --enable-shared --enable-linker-build-id --libexecdir=/usr/lib --without-included-gettext --enable-threads=posix --libdir=/usr/lib --enable-nls --enable-bootstrap --enable-clocale=gnu --enable-libstdcxx-debug --enable-libstdcxx-time=yes --with-default-libstdcxx-abi=new --enable-gnu-unique-object --disable-vtable-verify --enable-plugin --enable-default-pie --with-system-zlib --enable-libphobos-checking=release --with-target-system-zlib=auto --enable-objc-gc=auto --enable-multiarch --disable-werror --enable-cet --with-arch-32=i686 --with-abi=m64 --with-multilib-list=m32,m64,mx32 --enable-multilib --with-tune=generic --enable-offload-targets=nvptx-none=/build/gcc-11-XeT9lY/gcc-11-11.4.0/debian/tmp-nvptx/usr,amdgcn-amdhsa=/build/gcc-11-XeT9lY/gcc-11-11.4.0/debian/tmp-gcn/usr --without-cuda-driver --enable-checking=release --build=x86_64-linux-gnu --host=x86_64-linux-gnu --target=x86_64-linux-gnu --with-build-config=bootstrap-lto-lean --enable-link-serialization=2
Thread model: posix
Supported LTO compression algorithms: zlib zstd
gcc version 11.4.0 (Ubuntu 11.4.0-1ubuntu1~22.04) 
COMPILER_PATH=/usr/lib/gcc/x86_64-linux-gnu/11/:/usr/lib/gcc/x86_64-linux-gnu/11/:/usr/lib/gcc/x86_64-linux-gnu/:/usr/lib/gcc/x86_64-linux-gnu/11/:/usr/lib/gcc/x86_64-linux-gnu/
LIBRARY_PATH=/usr/lib/gcc/x86_64-linux-gnu/11/:/usr/lib/gcc/x86_64-linux-gnu/11/../../../x86_64-linux-gnu/:/usr/lib/gcc/x86_64-linux-gnu/11/../../../../lib/:/lib/x86_64-linux-gnu/:/lib/../lib/:/usr/lib/x86_64-linux-gnu/:/usr/lib/../lib/:/usr/lib/gcc/x86_64-linux-gnu/11/../../../:/lib/:/usr/lib/
COLLECT_GCC_OPTIONS='-v' '-o' 'cmTC_01428' '-shared-libgcc' '-mtune=generic' '-march=x86-64' '-dumpdir' 'cmTC_01428.'
 /usr/lib/gcc/x86_64-linux-gnu/11/collect2 -plugin /usr/lib/gcc/x86_64-linux-gnu/11/liblto_plugin.so -plugin-opt=/usr/lib/gcc/x86_64-linux-gnu/11/lto-wrapper -plugin-opt=-fresolution=/tmp/cc5LJwrs.res -plugin-opt=-pass-through=-lgcc_s -plugin-opt=-pass-through=-lgcc -plugin-opt=-pass-through=-lc -plugin-opt=-pass-through=-lgcc_s -plugin-opt=-pass-through=-lgcc --build-id --eh-frame-hdr -m elf_x86_64 --hash-style=gnu --as-needed -dynamic-linker /lib64/ld-linux-x86-64.so.2 -pie -z now -z relro -o cmTC_01428 /usr/lib/gcc/x86_64-linux-gnu/11/../../../x86_64-linux-gnu/Scrt1.o /usr/lib/gcc/x86_64-linux-gnu/11/../../../x86_64-linux-gnu/crti.o /usr/lib/gcc/x86_64-linux-gnu/11/crtbeginS.o -L/usr/lib/gcc/x86_64-linux-gnu/11 -L/usr/lib/gcc/x86_64-linux-gnu/11/../../../x86_64-linux-gnu -L/usr/lib/gcc/x86_64-linux-gnu/11/../../../../lib -L/lib/x86_64-linux-gnu -L/lib/../lib -L/usr/lib/x86_64-linux-gnu -L/usr/lib/../lib -L/usr/lib/gcc/x86_64-linux-gnu/11/../../.. CMakeFiles/cmTC_01428.dir/CMakeCXXCompilerABI.cpp.o -lstdc++ -lm -lgcc_s -lgcc -lc -lgcc_s -lgcc /usr/lib/gcc/x86_64-linux-gnu/11/crtendS.o /usr/lib/gcc/x86_64-linux-gnu/11/../../../x86_64-linux-gnu/crtn.o
COLLECT_GCC_OPTIONS='-v' '-o' 'cmTC_01428' '-shared-libgcc' '-mtune=generic' '-march=x86-64' '-dumpdir' 'cmTC_01428.'



Parsed CXX implicit include dir info from above output: rv=done
  found start of include info
  found start of implicit include info
    add: [/usr/include/c++/11]
    add: [/usr/include/x86_64-linux-gnu/c++/11]
    add: [/usr/include/c++/11/backward]
    add: [/usr/lib/gcc/x86_64-linux-gnu/11/include]
    add: [/usr/local/include]
    add: [/usr/include/x86_64-linux-gnu]
    add: [/usr/include]
  end of search list found
  collapse include dir [/usr/include/c++/11] ==> [/usr/include/c++/11]
  collapse include dir [/usr/include/x86_64-linux-gnu/c++/11] ==> [/usr/include/x86_64-linux-gnu/c++/11]
  collapse include dir [/usr/include/c++/11/backward] ==> [/usr/include/c++/11/backward]
  collapse include dir [/usr/lib/gcc/x86_64-linux-gnu/11/include] ==> [/usr/lib/gcc/x86_64-linux-gnu/11/include]
  collapse include dir [/usr/local/include] ==> [/usr/local/include]
  collapse include dir [/usr/include/x86_64-linux-gnu] ==> [/usr/include/x86_64-linux-gnu]
  collapse include dir [/usr/include] ==> [/usr/include]
  implicit include dirs: [/usr/include/c++/11;/usr/include/x86_64-linux-gnu/c++/11;/usr/include/c++/11/backward;/usr/lib/gcc/x86_64-linux-gnu/11/include;/usr/local/include;/usr/include/x86_64-linux-gnu;/usr/include]


Parsed CXX implicit link information from above output:
  link line regex: [^( *|.*[/\])(ld|CMAKE_LINK_STARTFILE-NOTFOUND|([^/\]+-)?ld|collect2)[^/\]*( |$)]
  ignore line: [Change Dir: /home/grvermeer/seheecho/DirectXShaderCompiler/builds/CMakeFiles/CMakeTmp]
  ignore line: []
  ignore line: [Run Build Command(s):/usr/bin/ninja cmTC_01428 && [1/2] Building CXX object CMakeFiles/cmTC_01428.dir/CMakeCXXCompilerABI.cpp.o]
  ignore line: [Using built-in specs.]
  ignore line: [COLLECT_GCC=/usr/bin/c++]
  ignore line: [OFFLOAD_TARGET_NAMES=nvptx-none:amdgcn-amdhsa]
  ignore line: [OFFLOAD_TARGET_DEFAULT=1]
  ignore line: [Target: x86_64-linux-gnu]
  ignore line: [Configured with: ../src/configure -v --with-pkgversion='Ubuntu 11.4.0-1ubuntu1~22.04' --with-bugurl=file:///usr/share/doc/gcc-11/README.Bugs --enable-languages=c ada c++ go brig d fortran objc obj-c++ m2 --prefix=/usr --with-gcc-major-version-only --program-suffix=-11 --program-prefix=x86_64-linux-gnu- --enable-shared --enable-linker-build-id --libexecdir=/usr/lib --without-included-gettext --enable-threads=posix --libdir=/usr/lib --enable-nls --enable-bootstrap --enable-clocale=gnu --enable-libstdcxx-debug --enable-libstdcxx-time=yes --with-default-libstdcxx-abi=new --enable-gnu-unique-object --disable-vtable-verify --enable-plugin --enable-default-pie --with-system-zlib --enable-libphobos-checking=release --with-target-system-zlib=auto --enable-objc-gc=auto --enable-multiarch --disable-werror --enable-cet --with-arch-32=i686 --with-abi=m64 --with-multilib-list=m32 m64 mx32 --enable-multilib --with-tune=generic --enable-offload-targets=nvptx-none=/build/gcc-11-XeT9lY/gcc-11-11.4.0/debian/tmp-nvptx/usr amdgcn-amdhsa=/build/gcc-11-XeT9lY/gcc-11-11.4.0/debian/tmp-gcn/usr --without-cuda-driver --enable-checking=release --build=x86_64-linux-gnu --host=x86_64-linux-gnu --target=x86_64-linux-gnu --with-build-config=bootstrap-lto-lean --enable-link-serialization=2]
  ignore line: [Thread model: posix]
  ignore line: [Supported LTO compression algorithms: zlib zstd]
  ignore line: [gcc version 11.4.0 (Ubuntu 11.4.0-1ubuntu1~22.04) ]
  ignore line: [COLLECT_GCC_OPTIONS='-v' '-o' 'CMakeFiles/cmTC_01428.dir/CMakeCXXCompilerABI.cpp.o' '-c' '-shared-libgcc' '-mtune=generic' '-march=x86-64' '-dumpdir' 'CMakeFiles/cmTC_01428.dir/']
  ignore line: [ /usr/lib/gcc/x86_64-linux-gnu/11/cc1plus -quiet -v -imultiarch x86_64-linux-gnu -D_GNU_SOURCE /usr/share/cmake-3.22/Modules/CMakeCXXCompilerABI.cpp -quiet -dumpdir CMakeFiles/cmTC_01428.dir/ -dumpbase CMakeCXXCompilerABI.cpp.cpp -dumpbase-ext .cpp -mtune=generic -march=x86-64 -version -fasynchronous-unwind-tables -fstack-protector-strong -Wformat -Wformat-security -fstack-clash-protection -fcf-protection -o /tmp/ccbaVldo.s]
  ignore line: [GNU C++17 (Ubuntu 11.4.0-1ubuntu1~22.04) version 11.4.0 (x86_64-linux-gnu)]
  ignore line: [	compiled by GNU C version 11.4.0  GMP version 6.2.1  MPFR version 4.1.0  MPC version 1.2.1  isl version isl-0.24-GMP]
  ignore line: []
  ignore line: [GGC heuristics: --param ggc-min-expand=100 --param ggc-min-heapsize=131072]
  ignore line: [ignoring duplicate directory "/usr/include/x86_64-linux-gnu/c++/11"]
  ignore line: [ignoring nonexistent directory "/usr/local/include/x86_64-linux-gnu"]
  ignore line: [ignoring nonexistent directory "/usr/lib/gcc/x86_64-linux-gnu/11/include-fixed"]
  ignore line: [ignoring nonexistent directory "/usr/lib/gcc/x86_64-linux-gnu/11/../../../../x86_64-linux-gnu/include"]
  ignore line: [#include "..." search starts here:]
  ignore line: [#include <...> search starts here:]
  ignore line: [ /usr/include/c++/11]
  ignore line: [ /usr/include/x86_64-linux-gnu/c++/11]
  ignore line: [ /usr/include/c++/11/backward]
  ignore line: [ /usr/lib/gcc/x86_64-linux-gnu/11/include]
  ignore line: [ /usr/local/include]
  ignore line: [ /usr/include/x86_64-linux-gnu]
  ignore line: [ /usr/include]
  ignore line: [End of search list.]
  ignore line: [GNU C++17 (Ubuntu 11.4.0-1ubuntu1~22.04) version 11.4.0 (x86_64-linux-gnu)]
  ignore line: [	compiled by GNU C version 11.4.0  GMP version 6.2.1  MPFR version 4.1.0  MPC version 1.2.1  isl version isl-0.24-GMP]
  ignore line: []
  ignore line: [GGC heuristics: --param ggc-min-expand=100 --param ggc-min-heapsize=131072]
  ignore line: [Compiler executable checksum: d591828bb4d392ae8b7b160e5bb0b95f]
  ignore line: [COLLECT_GCC_OPTIONS='-v' '-o' 'CMakeFiles/cmTC_01428.dir/CMakeCXXCompilerABI.cpp.o' '-c' '-shared-libgcc' '-mtune=generic' '-march=x86-64' '-dumpdir' 'CMakeFiles/cmTC_01428.dir/']
  ignore line: [ as -v --64 -o CMakeFiles/cmTC_01428.dir/CMakeCXXCompilerABI.cpp.o /tmp/ccbaVldo.s]
  ignore line: [GNU assembler version 2.38 (x86_64-linux-gnu) using BFD version (GNU Binutils for Ubuntu) 2.38]
  ignore line: [COMPILER_PATH=/usr/lib/gcc/x86_64-linux-gnu/11/:/usr/lib/gcc/x86_64-linux-gnu/11/:/usr/lib/gcc/x86_64-linux-gnu/:/usr/lib/gcc/x86_64-linux-gnu/11/:/usr/lib/gcc/x86_64-linux-gnu/]
  ignore line: [LIBRARY_PATH=/usr/lib/gcc/x86_64-linux-gnu/11/:/usr/lib/gcc/x86_64-linux-gnu/11/../../../x86_64-linux-gnu/:/usr/lib/gcc/x86_64-linux-gnu/11/../../../../lib/:/lib/x86_64-linux-gnu/:/lib/../lib/:/usr/lib/x86_64-linux-gnu/:/usr/lib/../lib/:/usr/lib/gcc/x86_64-linux-gnu/11/../../../:/lib/:/usr/lib/]
  ignore line: [COLLECT_GCC_OPTIONS='-v' '-o' 'CMakeFiles/cmTC_01428.dir/CMakeCXXCompilerABI.cpp.o' '-c' '-shared-libgcc' '-mtune=generic' '-march=x86-64' '-dumpdir' 'CMakeFiles/cmTC_01428.dir/CMakeCXXCompilerABI.cpp.']
  ignore line: [[2/2] Linking CXX executable cmTC_01428]
  ignore line: [Using built-in specs.]
  ignore line: [COLLECT_GCC=/usr/bin/c++]
  ignore line: [COLLECT_LTO_WRAPPER=/usr/lib/gcc/x86_64-linux-gnu/11/lto-wrapper]
  ignore line: [OFFLOAD_TARGET_NAMES=nvptx-none:amdgcn-amdhsa]
  ignore line: [OFFLOAD_TARGET_DEFAULT=1]
  ignore line: [Target: x86_64-linux-gnu]
  ignore line: [Configured with: ../src/configure -v --with-pkgversion='Ubuntu 11.4.0-1ubuntu1~22.04' --with-bugurl=file:///usr/share/doc/gcc-11/README.Bugs --enable-languages=c ada c++ go brig d fortran objc obj-c++ m2 --prefix=/usr --with-gcc-major-version-only --program-suffix=-11 --program-prefix=x86_64-linux-gnu- --enable-shared --enable-linker-build-id --libexecdir=/usr/lib --without-included-gettext --enable-threads=posix --libdir=/usr/lib --enable-nls --enable-bootstrap --enable-clocale=gnu --enable-libstdcxx-debug --enable-libstdcxx-time=yes --with-default-libstdcxx-abi=new --enable-gnu-unique-object --disable-vtable-verify --enable-plugin --enable-default-pie --with-system-zlib --enable-libphobos-checking=release --with-target-system-zlib=auto --enable-objc-gc=auto --enable-multiarch --disable-werror --enable-cet --with-arch-32=i686 --with-abi=m64 --with-multilib-list=m32 m64 mx32 --enable-multilib --with-tune=generic --enable-offload-targets=nvptx-none=/build/gcc-11-XeT9lY/gcc-11-11.4.0/debian/tmp-nvptx/usr amdgcn-amdhsa=/build/gcc-11-XeT9lY/gcc-11-11.4.0/debian/tmp-gcn/usr --without-cuda-driver --enable-checking=release --build=x86_64-linux-gnu --host=x86_64-linux-gnu --target=x86_64-linux-gnu --with-build-config=bootstrap-lto-lean --enable-link-serialization=2]
  ignore line: [Thread model: posix]
  ignore line: [Supported LTO compression algorithms: zlib zstd]
  ignore line: [gcc version 11.4.0 (Ubuntu 11.4.0-1ubuntu1~22.04) ]
  ignore line: [COMPILER_PATH=/usr/lib/gcc/x86_64-linux-gnu/11/:/usr/lib/gcc/x86_64-linux-gnu/11/:/usr/lib/gcc/x86_64-linux-gnu/:/usr/lib/gcc/x86_64-linux-gnu/11/:/usr/lib/gcc/x86_64-linux-gnu/]
  ignore line: [LIBRARY_PATH=/usr/lib/gcc/x86_64-linux-gnu/11/:/usr/lib/gcc/x86_64-linux-gnu/11/../../../x86_64-linux-gnu/:/usr/lib/gcc/x86_64-linux-gnu/11/../../../../lib/:/lib/x86_64-linux-gnu/:/lib/../lib/:/usr/lib/x86_64-linux-gnu/:/usr/lib/../lib/:/usr/lib/gcc/x86_64-linux-gnu/11/../../../:/lib/:/usr/lib/]
  ignore line: [COLLECT_GCC_OPTIONS='-v' '-o' 'cmTC_01428' '-shared-libgcc' '-mtune=generic' '-march=x86-64' '-dumpdir' 'cmTC_01428.']
  link line: [ /usr/lib/gcc/x86_64-linux-gnu/11/collect2 -plugin /usr/lib/gcc/x86_64-linux-gnu/11/liblto_plugin.so -plugin-opt=/usr/lib/gcc/x86_64-linux-gnu/11/lto-wrapper -plugin-opt=-fresolution=/tmp/cc5LJwrs.res -plugin-opt=-pass-through=-lgcc_s -plugin-opt=-pass-through=-lgcc -plugin-opt=-pass-through=-lc -plugin-opt=-pass-through=-lgcc_s -plugin-opt=-pass-through=-lgcc --build-id --eh-frame-hdr -m elf_x86_64 --hash-style=gnu --as-needed -dynamic-linker /lib64/ld-linux-x86-64.so.2 -pie -z now -z relro -o cmTC_01428 /usr/lib/gcc/x86_64-linux-gnu/11/../../../x86_64-linux-gnu/Scrt1.o /usr/lib/gcc/x86_64-linux-gnu/11/../../../x86_64-linux-gnu/crti.o /usr/lib/gcc/x86_64-linux-gnu/11/crtbeginS.o -L/usr/lib/gcc/x86_64-linux-gnu/11 -L/usr/lib/gcc/x86_64-linux-gnu/11/../../../x86_64-linux-gnu -L/usr/lib/gcc/x86_64-linux-gnu/11/../../../../lib -L/lib/x86_64-linux-gnu -L/lib/../lib -L/usr/lib/x86_64-linux-gnu -L/usr/lib/../lib -L/usr/lib/gcc/x86_64-linux-gnu/11/../../.. CMakeFiles/cmTC_01428.dir/CMakeCXXCompilerABI.cpp.o -lstdc++ -lm -lgcc_s -lgcc -lc -lgcc_s -lgcc /usr/lib/gcc/x86_64-linux-gnu/11/crtendS.o /usr/lib/gcc/x86_64-linux-gnu/11/../../../x86_64-linux-gnu/crtn.o]
    arg [/usr/lib/gcc/x86_64-linux-gnu/11/collect2] ==> ignore
    arg [-plugin] ==> ignore
    arg [/usr/lib/gcc/x86_64-linux-gnu/11/liblto_plugin.so] ==> ignore
    arg [-plugin-opt=/usr/lib/gcc/x86_64-linux-gnu/11/lto-wrapper] ==> ignore
    arg [-plugin-opt=-fresolution=/tmp/cc5LJwrs.res] ==> ignore
    arg [-plugin-opt=-pass-through=-lgcc_s] ==> ignore
    arg [-plugin-opt=-pass-through=-lgcc] ==> ignore
    arg [-plugin-opt=-pass-through=-lc] ==> ignore
    arg [-plugin-opt=-pass-through=-lgcc_s] ==> ignore
    arg [-plugin-opt=-pass-through=-lgcc] ==> ignore
    arg [--build-id] ==> ignore
    arg [--eh-frame-hdr] ==> ignore
    arg [-m] ==> ignore
    arg [elf_x86_64] ==> ignore
    arg [--hash-style=gnu] ==> ignore
    arg [--as-needed] ==> ignore
    arg [-dynamic-linker] ==> ignore
    arg [/lib64/ld-linux-x86-64.so.2] ==> ignore
    arg [-pie] ==> ignore
    arg [-znow] ==> ignore
    arg [-zrelro] ==> ignore
    arg [-o] ==> ignore
    arg [cmTC_01428] ==> ignore
    arg [/usr/lib/gcc/x86_64-linux-gnu/11/../../../x86_64-linux-gnu/Scrt1.o] ==> obj [/usr/lib/gcc/x86_64-linux-gnu/11/../../../x86_64-linux-gnu/Scrt1.o]
    arg [/usr/lib/gcc/x86_64-linux-gnu/11/../../../x86_64-linux-gnu/crti.o] ==> obj [/usr/lib/gcc/x86_64-linux-gnu/11/../../../x86_64-linux-gnu/crti.o]
    arg [/usr/lib/gcc/x86_64-linux-gnu/11/crtbeginS.o] ==> obj [/usr/lib/gcc/x86_64-linux-gnu/11/crtbeginS.o]
    arg [-L/usr/lib/gcc/x86_64-linux-gnu/11] ==> dir [/usr/lib/gcc/x86_64-linux-gnu/11]
    arg [-L/usr/lib/gcc/x86_64-linux-gnu/11/../../../x86_64-linux-gnu] ==> dir [/usr/lib/gcc/x86_64-linux-gnu/11/../../../x86_64-linux-gnu]
    arg [-L/usr/lib/gcc/x86_64-linux-gnu/11/../../../../lib] ==> dir [/usr/lib/gcc/x86_64-linux-gnu/11/../../../../lib]
    arg [-L/lib/x86_64-linux-gnu] ==> dir [/lib/x86_64-linux-gnu]
    arg [-L/lib/../lib] ==> dir [/lib/../lib]
    arg [-L/usr/lib/x86_64-linux-gnu] ==> dir [/usr/lib/x86_64-linux-gnu]
    arg [-L/usr/lib/../lib] ==> dir [/usr/lib/../lib]
    arg [-L/usr/lib/gcc/x86_64-linux-gnu/11/../../..] ==> dir [/usr/lib/gcc/x86_64-linux-gnu/11/../../..]
    arg [CMakeFiles/cmTC_01428.dir/CMakeCXXCompilerABI.cpp.o] ==> ignore
    arg [-lstdc++] ==> lib [stdc++]
    arg [-lm] ==> lib [m]
    arg [-lgcc_s] ==> lib [gcc_s]
    arg [-lgcc] ==> lib [gcc]
    arg [-lc] ==> lib [c]
    arg [-lgcc_s] ==> lib [gcc_s]
    arg [-lgcc] ==> lib [gcc]
    arg [/usr/lib/gcc/x86_64-linux-gnu/11/crtendS.o] ==> obj [/usr/lib/gcc/x86_64-linux-gnu/11/crtendS.o]
    arg [/usr/lib/gcc/x86_64-linux-gnu/11/../../../x86_64-linux-gnu/crtn.o] ==> obj [/usr/lib/gcc/x86_64-linux-gnu/11/../../../x86_64-linux-gnu/crtn.o]
  collapse obj [/usr/lib/gcc/x86_64-linux-gnu/11/../../../x86_64-linux-gnu/Scrt1.o] ==> [/usr/lib/x86_64-linux-gnu/Scrt1.o]
  collapse obj [/usr/lib/gcc/x86_64-linux-gnu/11/../../../x86_64-linux-gnu/crti.o] ==> [/usr/lib/x86_64-linux-gnu/crti.o]
  collapse obj [/usr/lib/gcc/x86_64-linux-gnu/11/../../../x86_64-linux-gnu/crtn.o] ==> [/usr/lib/x86_64-linux-gnu/crtn.o]
  collapse library dir [/usr/lib/gcc/x86_64-linux-gnu/11] ==> [/usr/lib/gcc/x86_64-linux-gnu/11]
  collapse library dir [/usr/lib/gcc/x86_64-linux-gnu/11/../../../x86_64-linux-gnu] ==> [/usr/lib/x86_64-linux-gnu]
  collapse library dir [/usr/lib/gcc/x86_64-linux-gnu/11/../../../../lib] ==> [/usr/lib]
  collapse library dir [/lib/x86_64-linux-gnu] ==> [/lib/x86_64-linux-gnu]
  collapse library dir [/lib/../lib] ==> [/lib]
  collapse library dir [/usr/lib/x86_64-linux-gnu] ==> [/usr/lib/x86_64-linux-gnu]
  collapse library dir [/usr/lib/../lib] ==> [/usr/lib]
  collapse library dir [/usr/lib/gcc/x86_64-linux-gnu/11/../../..] ==> [/usr/lib]
  implicit libs: [stdc++;m;gcc_s;gcc;c;gcc_s;gcc]
  implicit objs: [/usr/lib/x86_64-linux-gnu/Scrt1.o;/usr/lib/x86_64-linux-gnu/crti.o;/usr/lib/gcc/x86_64-linux-gnu/11/crtbeginS.o;/usr/lib/gcc/x86_64-linux-gnu/11/crtendS.o;/usr/lib/x86_64-linux-gnu/crtn.o]
  implicit dirs: [/usr/lib/gcc/x86_64-linux-gnu/11;/usr/lib/x86_64-linux-gnu;/usr/lib;/lib/x86_64-linux-gnu;/lib]
  implicit fwks: []


Determining if the include file dirent.h exists passed with the following output:
Change Dir: /home/grvermeer/seheecho/DirectXShaderCompiler/builds/CMakeFiles/CMakeTmp

Run Build Command(s):/usr/bin/ninja cmTC_55de8 && [1/2] Building C object CMakeFiles/cmTC_55de8.dir/CheckIncludeFile.c.o
[2/2] Linking C executable cmTC_55de8



Determining if the include file dlfcn.h exists passed with the following output:
Change Dir: /home/grvermeer/seheecho/DirectXShaderCompiler/builds/CMakeFiles/CMakeTmp

Run Build Command(s):/usr/bin/ninja cmTC_bcc22 && [1/2] Building C object CMakeFiles/cmTC_bcc22.dir/CheckIncludeFile.c.o
[2/2] Linking C executable cmTC_bcc22



Determining if the include file errno.h exists passed with the following output:
Change Dir: /home/grvermeer/seheecho/DirectXShaderCompiler/builds/CMakeFiles/CMakeTmp

Run Build Command(s):/usr/bin/ninja cmTC_3b441 && [1/2] Building C object CMakeFiles/cmTC_3b441.dir/CheckIncludeFile.c.o
[2/2] Linking C executable cmTC_3b441



Determining if the include file execinfo.h exists passed with the following output:
Change Dir: /home/grvermeer/seheecho/DirectXShaderCompiler/builds/CMakeFiles/CMakeTmp

Run Build Command(s):/usr/bin/ninja cmTC_8471f && [1/2] Building C object CMakeFiles/cmTC_8471f.dir/CheckIncludeFile.c.o
[2/2] Linking C executable cmTC_8471f



Determining if the include file fcntl.h exists passed with the following output:
Change Dir: /home/grvermeer/seheecho/DirectXShaderCompiler/builds/CMakeFiles/CMakeTmp

Run Build Command(s):/usr/bin/ninja cmTC_b7052 && [1/2] Building C object CMakeFiles/cmTC_b7052.dir/CheckIncludeFile.c.o
[2/2] Linking C executable cmTC_b7052



Determining if the include file inttypes.h exists passed with the following output:
Change Dir: /home/grvermeer/seheecho/DirectXShaderCompiler/builds/CMakeFiles/CMakeTmp

Run Build Command(s):/usr/bin/ninja cmTC_2f947 && [1/2] Building C object CMakeFiles/cmTC_2f947.dir/CheckIncludeFile.c.o
[2/2] Linking C executable cmTC_2f947



Determining if the include file limits.h exists passed with the following output:
Change Dir: /home/grvermeer/seheecho/DirectXShaderCompiler/builds/CMakeFiles/CMakeTmp

Run Build Command(s):/usr/bin/ninja cmTC_f733d && [1/2] Building C object CMakeFiles/cmTC_f733d.dir/CheckIncludeFile.c.o
[2/2] Linking C executable cmTC_f733d



Determining if the include file link.h exists passed with the following output:
Change Dir: /home/grvermeer/seheecho/DirectXShaderCompiler/builds/CMakeFiles/CMakeTmp

Run Build Command(s):/usr/bin/ninja cmTC_5a5c6 && [1/2] Building C object CMakeFiles/cmTC_5a5c6.dir/CheckIncludeFile.c.o
[2/2] Linking C executable cmTC_5a5c6



Determining if the include file malloc.h exists passed with the following output:
Change Dir: /home/grvermeer/seheecho/DirectXShaderCompiler/builds/CMakeFiles/CMakeTmp

Run Build Command(s):/usr/bin/ninja cmTC_602ac && [1/2] Building C object CMakeFiles/cmTC_602ac.dir/CheckIncludeFile.c.o
[2/2] Linking C executable cmTC_602ac



Determining if the include file pthread.h exists passed with the following output:
Change Dir: /home/grvermeer/seheecho/DirectXShaderCompiler/builds/CMakeFiles/CMakeTmp

Run Build Command(s):/usr/bin/ninja cmTC_b2b9c && [1/2] Building C object CMakeFiles/cmTC_b2b9c.dir/CheckIncludeFile.c.o
[2/2] Linking C executable cmTC_b2b9c



Determining if the include file signal.h exists passed with the following output:
Change Dir: /home/grvermeer/seheecho/DirectXShaderCompiler/builds/CMakeFiles/CMakeTmp

Run Build Command(s):/usr/bin/ninja cmTC_060d6 && [1/2] Building C object CMakeFiles/cmTC_060d6.dir/CheckIncludeFile.c.o
[2/2] Linking C executable cmTC_060d6



Determining if the include file stdint.h exists passed with the following output:
Change Dir: /home/grvermeer/seheecho/DirectXShaderCompiler/builds/CMakeFiles/CMakeTmp

Run Build Command(s):/usr/bin/ninja cmTC_3f9a8 && [1/2] Building C object CMakeFiles/cmTC_3f9a8.dir/CheckIncludeFile.c.o
[2/2] Linking C executable cmTC_3f9a8



Determining if the include file sys/dir.h exists passed with the following output:
Change Dir: /home/grvermeer/seheecho/DirectXShaderCompiler/builds/CMakeFiles/CMakeTmp

Run Build Command(s):/usr/bin/ninja cmTC_f5ac4 && [1/2] Building C object CMakeFiles/cmTC_f5ac4.dir/CheckIncludeFile.c.o
[2/2] Linking C executable cmTC_f5ac4



Determining if the include file sys/ioctl.h exists passed with the following output:
Change Dir: /home/grvermeer/seheecho/DirectXShaderCompiler/builds/CMakeFiles/CMakeTmp

Run Build Command(s):/usr/bin/ninja cmTC_ccd0b && [1/2] Building C object CMakeFiles/cmTC_ccd0b.dir/CheckIncludeFile.c.o
[2/2] Linking C executable cmTC_ccd0b



Determining if the include file sys/mman.h exists passed with the following output:
Change Dir: /home/grvermeer/seheecho/DirectXShaderCompiler/builds/CMakeFiles/CMakeTmp

Run Build Command(s):/usr/bin/ninja cmTC_0221a && [1/2] Building C object CMakeFiles/cmTC_0221a.dir/CheckIncludeFile.c.o
[2/2] Linking C executable cmTC_0221a



Determining if the include file sys/param.h exists passed with the following output:
Change Dir: /home/grvermeer/seheecho/DirectXShaderCompiler/builds/CMakeFiles/CMakeTmp

Run Build Command(s):/usr/bin/ninja cmTC_102c6 && [1/2] Building C object CMakeFiles/cmTC_102c6.dir/CheckIncludeFile.c.o
[2/2] Linking C executable cmTC_102c6



Determining if the include file sys/resource.h exists passed with the following output:
Change Dir: /home/grvermeer/seheecho/DirectXShaderCompiler/builds/CMakeFiles/CMakeTmp

Run Build Command(s):/usr/bin/ninja cmTC_274b1 && [1/2] Building C object CMakeFiles/cmTC_274b1.dir/CheckIncludeFile.c.o
[2/2] Linking C executable cmTC_274b1



Determining if the include file sys/stat.h exists passed with the following output:
Change Dir: /home/grvermeer/seheecho/DirectXShaderCompiler/builds/CMakeFiles/CMakeTmp

Run Build Command(s):/usr/bin/ninja cmTC_cc573 && [1/2] Building C object CMakeFiles/cmTC_cc573.dir/CheckIncludeFile.c.o
[2/2] Linking C executable cmTC_cc573



Determining if the include file sys/time.h exists passed with the following output:
Change Dir: /home/grvermeer/seheecho/DirectXShaderCompiler/builds/CMakeFiles/CMakeTmp

Run Build Command(s):/usr/bin/ninja cmTC_e42a7 && [1/2] Building C object CMakeFiles/cmTC_e42a7.dir/CheckIncludeFile.c.o
[2/2] Linking C executable cmTC_e42a7



Determining if the include file sys/uio.h exists passed with the following output:
Change Dir: /home/grvermeer/seheecho/DirectXShaderCompiler/builds/CMakeFiles/CMakeTmp

Run Build Command(s):/usr/bin/ninja cmTC_3d2a8 && [1/2] Building C object CMakeFiles/cmTC_3d2a8.dir/CheckIncludeFile.c.o
[2/2] Linking C executable cmTC_3d2a8



Determining if the include file sys/wait.h exists passed with the following output:
Change Dir: /home/grvermeer/seheecho/DirectXShaderCompiler/builds/CMakeFiles/CMakeTmp

Run Build Command(s):/usr/bin/ninja cmTC_0e00d && [1/2] Building C object CMakeFiles/cmTC_0e00d.dir/CheckIncludeFile.c.o
[2/2] Linking C executable cmTC_0e00d



Determining if the include file termios.h exists passed with the following output:
Change Dir: /home/grvermeer/seheecho/DirectXShaderCompiler/builds/CMakeFiles/CMakeTmp

Run Build Command(s):/usr/bin/ninja cmTC_2fbd6 && [1/2] Building C object CMakeFiles/cmTC_2fbd6.dir/CheckIncludeFile.c.o
[2/2] Linking C executable cmTC_2fbd6



Determining if the include file unistd.h exists passed with the following output:
Change Dir: /home/grvermeer/seheecho/DirectXShaderCompiler/builds/CMakeFiles/CMakeTmp

Run Build Command(s):/usr/bin/ninja cmTC_9f594 && [1/2] Building C object CMakeFiles/cmTC_9f594.dir/CheckIncludeFile.c.o
[2/2] Linking C executable cmTC_9f594



Determining if the include file utime.h exists passed with the following output:
Change Dir: /home/grvermeer/seheecho/DirectXShaderCompiler/builds/CMakeFiles/CMakeTmp

Run Build Command(s):/usr/bin/ninja cmTC_7e0dd && [1/2] Building C object CMakeFiles/cmTC_7e0dd.dir/CheckIncludeFile.c.o
[2/2] Linking C executable cmTC_7e0dd



Determining if the include file fenv.h exists passed with the following output:
Change Dir: /home/grvermeer/seheecho/DirectXShaderCompiler/builds/CMakeFiles/CMakeTmp

Run Build Command(s):/usr/bin/ninja cmTC_cba72 && [1/2] Building C object CMakeFiles/cmTC_cba72.dir/CheckIncludeFile.c.o
[2/2] Linking C executable cmTC_cba72



Determining if the FE_ALL_EXCEPT exist passed with the following output:
Change Dir: /home/grvermeer/seheecho/DirectXShaderCompiler/builds/CMakeFiles/CMakeTmp

Run Build Command(s):/usr/bin/ninja cmTC_5fbe4 && [1/2] Building C object CMakeFiles/cmTC_5fbe4.dir/CheckSymbolExists.c.o
[2/2] Linking C executable cmTC_5fbe4


File /home/grvermeer/seheecho/DirectXShaderCompiler/builds/CMakeFiles/CMakeTmp/CheckSymbolExists.c:
/* */
#include <fenv.h>

int main(int argc, char** argv)
{
  (void)argv;
#ifndef FE_ALL_EXCEPT
  return ((int*)(&FE_ALL_EXCEPT))[argc];
#else
  (void)argc;
  return 0;
#endif
}
Determining if the FE_INEXACT exist passed with the following output:
Change Dir: /home/grvermeer/seheecho/DirectXShaderCompiler/builds/CMakeFiles/CMakeTmp

Run Build Command(s):/usr/bin/ninja cmTC_d29f6 && [1/2] Building C object CMakeFiles/cmTC_d29f6.dir/CheckSymbolExists.c.o
[2/2] Linking C executable cmTC_d29f6


File /home/grvermeer/seheecho/DirectXShaderCompiler/builds/CMakeFiles/CMakeTmp/CheckSymbolExists.c:
/* */
#include <fenv.h>

int main(int argc, char** argv)
{
  (void)argv;
#ifndef FE_INEXACT
  return ((int*)(&FE_INEXACT))[argc];
#else
  (void)argc;
  return 0;
#endif
}
Performing C++ SOURCE FILE Test HAVE_CXXABI_H succeeded with the following output:
Change Dir: /home/grvermeer/seheecho/DirectXShaderCompiler/builds/CMakeFiles/CMakeTmp

Run Build Command(s):/usr/bin/ninja cmTC_47bc0 && [1/2] Building CXX object CMakeFiles/cmTC_47bc0.dir/src.cxx.o
[2/2] Linking CXX executable cmTC_47bc0


Source file was:

#include <stddef.h>
#include <cxxabi.h>
int main() { return 0; }

Determining if the function pthread_create exists in the pthread passed with the following output:
Change Dir: /home/grvermeer/seheecho/DirectXShaderCompiler/builds/CMakeFiles/CMakeTmp

Run Build Command(s):/usr/bin/ninja cmTC_3241e && [1/2] Building C object CMakeFiles/cmTC_3241e.dir/CheckFunctionExists.c.o
[2/2] Linking C executable cmTC_3241e



Determining if the function pthread_getspecific exists in the pthread passed with the following output:
Change Dir: /home/grvermeer/seheecho/DirectXShaderCompiler/builds/CMakeFiles/CMakeTmp

Run Build Command(s):/usr/bin/ninja cmTC_88669 && [1/2] Building C object CMakeFiles/cmTC_88669.dir/CheckFunctionExists.c.o
[2/2] Linking C executable cmTC_88669



Determining if the function pthread_rwlock_init exists in the pthread passed with the following output:
Change Dir: /home/grvermeer/seheecho/DirectXShaderCompiler/builds/CMakeFiles/CMakeTmp

Run Build Command(s):/usr/bin/ninja cmTC_b12bf && [1/2] Building C object CMakeFiles/cmTC_b12bf.dir/CheckFunctionExists.c.o
[2/2] Linking C executable cmTC_b12bf



Determining if the function pthread_mutex_lock exists in the pthread passed with the following output:
Change Dir: /home/grvermeer/seheecho/DirectXShaderCompiler/builds/CMakeFiles/CMakeTmp

Run Build Command(s):/usr/bin/ninja cmTC_c3f86 && [1/2] Building C object CMakeFiles/cmTC_c3f86.dir/CheckFunctionExists.c.o
[2/2] Linking C executable cmTC_c3f86



Determining if the function dlopen exists in the dl passed with the following output:
Change Dir: /home/grvermeer/seheecho/DirectXShaderCompiler/builds/CMakeFiles/CMakeTmp

Run Build Command(s):/usr/bin/ninja cmTC_ff669 && [1/2] Building C object CMakeFiles/cmTC_ff669.dir/CheckFunctionExists.c.o
[2/2] Linking C executable cmTC_ff669



Determining if the function clock_gettime exists in the rt passed with the following output:
Change Dir: /home/grvermeer/seheecho/DirectXShaderCompiler/builds/CMakeFiles/CMakeTmp

Run Build Command(s):/usr/bin/ninja cmTC_d25fc && [1/2] Building C object CMakeFiles/cmTC_d25fc.dir/CheckFunctionExists.c.o
[2/2] Linking C executable cmTC_d25fc



Determining if the backtrace exist passed with the following output:
Change Dir: /home/grvermeer/seheecho/DirectXShaderCompiler/builds/CMakeFiles/CMakeTmp

Run Build Command(s):/usr/bin/ninja cmTC_74e39 && [1/2] Building C object CMakeFiles/cmTC_74e39.dir/CheckSymbolExists.c.o
[2/2] Linking C executable cmTC_74e39


File /home/grvermeer/seheecho/DirectXShaderCompiler/builds/CMakeFiles/CMakeTmp/CheckSymbolExists.c:
/* */
#include <execinfo.h>

int main(int argc, char** argv)
{
  (void)argv;
#ifndef backtrace
  return ((int*)(&backtrace))[argc];
#else
  (void)argc;
  return 0;
#endif
}
Determining if the getpagesize exist passed with the following output:
Change Dir: /home/grvermeer/seheecho/DirectXShaderCompiler/builds/CMakeFiles/CMakeTmp

Run Build Command(s):/usr/bin/ninja cmTC_a0c9d && [1/2] Building C object CMakeFiles/cmTC_a0c9d.dir/CheckSymbolExists.c.o
[2/2] Linking C executable cmTC_a0c9d


File /home/grvermeer/seheecho/DirectXShaderCompiler/builds/CMakeFiles/CMakeTmp/CheckSymbolExists.c:
/* */
#include <unistd.h>

int main(int argc, char** argv)
{
  (void)argv;
#ifndef getpagesize
  return ((int*)(&getpagesize))[argc];
#else
  (void)argc;
  return 0;
#endif
}
Determining if the getrusage exist passed with the following output:
Change Dir: /home/grvermeer/seheecho/DirectXShaderCompiler/builds/CMakeFiles/CMakeTmp

Run Build Command(s):/usr/bin/ninja cmTC_72f20 && [1/2] Building C object CMakeFiles/cmTC_72f20.dir/CheckSymbolExists.c.o
[2/2] Linking C executable cmTC_72f20


File /home/grvermeer/seheecho/DirectXShaderCompiler/builds/CMakeFiles/CMakeTmp/CheckSymbolExists.c:
/* */
#include <sys/resource.h>

int main(int argc, char** argv)
{
  (void)argv;
#ifndef getrusage
  return ((int*)(&getrusage))[argc];
#else
  (void)argc;
  return 0;
#endif
}
Determining if the setrlimit exist passed with the following output:
Change Dir: /home/grvermeer/seheecho/DirectXShaderCompiler/builds/CMakeFiles/CMakeTmp

Run Build Command(s):/usr/bin/ninja cmTC_524a5 && [1/2] Building C object CMakeFiles/cmTC_524a5.dir/CheckSymbolExists.c.o
[2/2] Linking C executable cmTC_524a5


File /home/grvermeer/seheecho/DirectXShaderCompiler/builds/CMakeFiles/CMakeTmp/CheckSymbolExists.c:
/* */
#include <sys/resource.h>

int main(int argc, char** argv)
{
  (void)argv;
#ifndef setrlimit
  return ((int*)(&setrlimit))[argc];
#else
  (void)argc;
  return 0;
#endif
}
Determining if the isatty exist passed with the following output:
Change Dir: /home/grvermeer/seheecho/DirectXShaderCompiler/builds/CMakeFiles/CMakeTmp

Run Build Command(s):/usr/bin/ninja cmTC_76bfd && [1/2] Building C object CMakeFiles/cmTC_76bfd.dir/CheckSymbolExists.c.o
[2/2] Linking C executable cmTC_76bfd


File /home/grvermeer/seheecho/DirectXShaderCompiler/builds/CMakeFiles/CMakeTmp/CheckSymbolExists.c:
/* */
#include <unistd.h>

int main(int argc, char** argv)
{
  (void)argv;
#ifndef isatty
  return ((int*)(&isatty))[argc];
#else
  (void)argc;
  return 0;
#endif
}
Determining if the futimens exist passed with the following output:
Change Dir: /home/grvermeer/seheecho/DirectXShaderCompiler/builds/CMakeFiles/CMakeTmp

Run Build Command(s):/usr/bin/ninja cmTC_ac524 && [1/2] Building C object CMakeFiles/cmTC_ac524.dir/CheckSymbolExists.c.o
[2/2] Linking C executable cmTC_ac524


File /home/grvermeer/seheecho/DirectXShaderCompiler/builds/CMakeFiles/CMakeTmp/CheckSymbolExists.c:
/* */
#include <sys/stat.h>

int main(int argc, char** argv)
{
  (void)argv;
#ifndef futimens
  return ((int*)(&futimens))[argc];
#else
  (void)argc;
  return 0;
#endif
}
Determining if the futimes exist passed with the following output:
Change Dir: /home/grvermeer/seheecho/DirectXShaderCompiler/builds/CMakeFiles/CMakeTmp

Run Build Command(s):/usr/bin/ninja cmTC_7389d && [1/2] Building C object CMakeFiles/cmTC_7389d.dir/CheckSymbolExists.c.o
[2/2] Linking C executable cmTC_7389d


File /home/grvermeer/seheecho/DirectXShaderCompiler/builds/CMakeFiles/CMakeTmp/CheckSymbolExists.c:
/* */
#include <sys/time.h>

int main(int argc, char** argv)
{
  (void)argv;
#ifndef futimes
  return ((int*)(&futimes))[argc];
#else
  (void)argc;
  return 0;
#endif
}
Determining if the writev exist passed with the following output:
Change Dir: /home/grvermeer/seheecho/DirectXShaderCompiler/builds/CMakeFiles/CMakeTmp

Run Build Command(s):/usr/bin/ninja cmTC_7511f && [1/2] Building C object CMakeFiles/cmTC_7511f.dir/CheckSymbolExists.c.o
[2/2] Linking C executable cmTC_7511f


File /home/grvermeer/seheecho/DirectXShaderCompiler/builds/CMakeFiles/CMakeTmp/CheckSymbolExists.c:
/* */
#include <sys/uio.h>

int main(int argc, char** argv)
{
  (void)argv;
#ifndef writev
  return ((int*)(&writev))[argc];
#else
  (void)argc;
  return 0;
#endif
}
Determining if the mallinfo exist passed with the following output:
Change Dir: /home/grvermeer/seheecho/DirectXShaderCompiler/builds/CMakeFiles/CMakeTmp

Run Build Command(s):/usr/bin/ninja cmTC_c6322 && [1/2] Building C object CMakeFiles/cmTC_c6322.dir/CheckSymbolExists.c.o
/home/grvermeer/seheecho/DirectXShaderCompiler/builds/CMakeFiles/CMakeTmp/CheckSymbolExists.c: In function main:
/home/grvermeer/seheecho/DirectXShaderCompiler/builds/CMakeFiles/CMakeTmp/CheckSymbolExists.c:8:3: warning: mallinfo is deprecated [-Wdeprecated-declarations]
    8 |   return ((int*)(&mallinfo))[argc];
      |   ^~~~~~
In file included from /home/grvermeer/seheecho/DirectXShaderCompiler/builds/CMakeFiles/CMakeTmp/CheckSymbolExists.c:2:
/usr/include/malloc.h:114:24: note: declared here
  114 | extern struct mallinfo mallinfo (void) __THROW __MALLOC_DEPRECATED;
      |                        ^~~~~~~~
[2/2] Linking C executable cmTC_c6322


File /home/grvermeer/seheecho/DirectXShaderCompiler/builds/CMakeFiles/CMakeTmp/CheckSymbolExists.c:
/* */
#include <malloc.h>

int main(int argc, char** argv)
{
  (void)argv;
#ifndef mallinfo
  return ((int*)(&mallinfo))[argc];
#else
  (void)argc;
  return 0;
#endif
}
Determining if the mallinfo2 exist passed with the following output:
Change Dir: /home/grvermeer/seheecho/DirectXShaderCompiler/builds/CMakeFiles/CMakeTmp

Run Build Command(s):/usr/bin/ninja cmTC_ce496 && [1/2] Building C object CMakeFiles/cmTC_ce496.dir/CheckSymbolExists.c.o
[2/2] Linking C executable cmTC_ce496


File /home/grvermeer/seheecho/DirectXShaderCompiler/builds/CMakeFiles/CMakeTmp/CheckSymbolExists.c:
/* */
#include <malloc.h>

int main(int argc, char** argv)
{
  (void)argv;
#ifndef mallinfo2
  return ((int*)(&mallinfo2))[argc];
#else
  (void)argc;
  return 0;
#endif
}
Determining if the mkdtemp exist passed with the following output:
Change Dir: /home/grvermeer/seheecho/DirectXShaderCompiler/builds/CMakeFiles/CMakeTmp

Run Build Command(s):/usr/bin/ninja cmTC_19223 && [1/2] Building C object CMakeFiles/cmTC_19223.dir/CheckSymbolExists.c.o
[2/2] Linking C executable cmTC_19223


File /home/grvermeer/seheecho/DirectXShaderCompiler/builds/CMakeFiles/CMakeTmp/CheckSymbolExists.c:
/* */
#include <stdlib.h>
#include <unistd.h>

int main(int argc, char** argv)
{
  (void)argv;
#ifndef mkdtemp
  return ((int*)(&mkdtemp))[argc];
#else
  (void)argc;
  return 0;
#endif
}
Determining if the mkstemp exist passed with the following output:
Change Dir: /home/grvermeer/seheecho/DirectXShaderCompiler/builds/CMakeFiles/CMakeTmp

Run Build Command(s):/usr/bin/ninja cmTC_4b7bb && [1/2] Building C object CMakeFiles/cmTC_4b7bb.dir/CheckSymbolExists.c.o
[2/2] Linking C executable cmTC_4b7bb


File /home/grvermeer/seheecho/DirectXShaderCompiler/builds/CMakeFiles/CMakeTmp/CheckSymbolExists.c:
/* */
#include <stdlib.h>
#include <unistd.h>

int main(int argc, char** argv)
{
  (void)argv;
#ifndef mkstemp
  return ((int*)(&mkstemp))[argc];
#else
  (void)argc;
  return 0;
#endif
}
Determining if the mktemp exist passed with the following output:
Change Dir: /home/grvermeer/seheecho/DirectXShaderCompiler/builds/CMakeFiles/CMakeTmp

Run Build Command(s):/usr/bin/ninja cmTC_2dc55 && [1/2] Building C object CMakeFiles/cmTC_2dc55.dir/CheckSymbolExists.c.o
[2/2] Linking C executable cmTC_2dc55
/usr/bin/ld: CMakeFiles/cmTC_2dc55.dir/CheckSymbolExists.c.o: in function `main':
CheckSymbolExists.c:(.text+0x1f): warning: the use of `mktemp' is dangerous, better use `mkstemp' or `mkdtemp'


File /home/grvermeer/seheecho/DirectXShaderCompiler/builds/CMakeFiles/CMakeTmp/CheckSymbolExists.c:
/* */
#include <stdlib.h>
#include <unistd.h>

int main(int argc, char** argv)
{
  (void)argv;
#ifndef mktemp
  return ((int*)(&mktemp))[argc];
#else
  (void)argc;
  return 0;
#endif
}
Determining if the closedir exist passed with the following output:
Change Dir: /home/grvermeer/seheecho/DirectXShaderCompiler/builds/CMakeFiles/CMakeTmp

Run Build Command(s):/usr/bin/ninja cmTC_f61b4 && [1/2] Building C object CMakeFiles/cmTC_f61b4.dir/CheckSymbolExists.c.o
[2/2] Linking C executable cmTC_f61b4


File /home/grvermeer/seheecho/DirectXShaderCompiler/builds/CMakeFiles/CMakeTmp/CheckSymbolExists.c:
/* */
#include <sys/types.h>
#include <dirent.h>

int main(int argc, char** argv)
{
  (void)argv;
#ifndef closedir
  return ((int*)(&closedir))[argc];
#else
  (void)argc;
  return 0;
#endif
}
Determining if the opendir exist passed with the following output:
Change Dir: /home/grvermeer/seheecho/DirectXShaderCompiler/builds/CMakeFiles/CMakeTmp

Run Build Command(s):/usr/bin/ninja cmTC_032f9 && [1/2] Building C object CMakeFiles/cmTC_032f9.dir/CheckSymbolExists.c.o
[2/2] Linking C executable cmTC_032f9


File /home/grvermeer/seheecho/DirectXShaderCompiler/builds/CMakeFiles/CMakeTmp/CheckSymbolExists.c:
/* */
#include <sys/types.h>
#include <dirent.h>

int main(int argc, char** argv)
{
  (void)argv;
#ifndef opendir
  return ((int*)(&opendir))[argc];
#else
  (void)argc;
  return 0;
#endif
}
Determining if the readdir exist passed with the following output:
Change Dir: /home/grvermeer/seheecho/DirectXShaderCompiler/builds/CMakeFiles/CMakeTmp

Run Build Command(s):/usr/bin/ninja cmTC_59998 && [1/2] Building C object CMakeFiles/cmTC_59998.dir/CheckSymbolExists.c.o
[2/2] Linking C executable cmTC_59998


File /home/grvermeer/seheecho/DirectXShaderCompiler/builds/CMakeFiles/CMakeTmp/CheckSymbolExists.c:
/* */
#include <sys/types.h>
#include <dirent.h>

int main(int argc, char** argv)
{
  (void)argv;
#ifndef readdir
  return ((int*)(&readdir))[argc];
#else
  (void)argc;
  return 0;
#endif
}
Determining if the getcwd exist passed with the following output:
Change Dir: /home/grvermeer/seheecho/DirectXShaderCompiler/builds/CMakeFiles/CMakeTmp

Run Build Command(s):/usr/bin/ninja cmTC_610a5 && [1/2] Building C object CMakeFiles/cmTC_610a5.dir/CheckSymbolExists.c.o
[2/2] Linking C executable cmTC_610a5


File /home/grvermeer/seheecho/DirectXShaderCompiler/builds/CMakeFiles/CMakeTmp/CheckSymbolExists.c:
/* */
#include <unistd.h>

int main(int argc, char** argv)
{
  (void)argv;
#ifndef getcwd
  return ((int*)(&getcwd))[argc];
#else
  (void)argc;
  return 0;
#endif
}
Determining if the gettimeofday exist passed with the following output:
Change Dir: /home/grvermeer/seheecho/DirectXShaderCompiler/builds/CMakeFiles/CMakeTmp

Run Build Command(s):/usr/bin/ninja cmTC_8f359 && [1/2] Building C object CMakeFiles/cmTC_8f359.dir/CheckSymbolExists.c.o
[2/2] Linking C executable cmTC_8f359


File /home/grvermeer/seheecho/DirectXShaderCompiler/builds/CMakeFiles/CMakeTmp/CheckSymbolExists.c:
/* */
#include <sys/time.h>

int main(int argc, char** argv)
{
  (void)argv;
#ifndef gettimeofday
  return ((int*)(&gettimeofday))[argc];
#else
  (void)argc;
  return 0;
#endif
}
Determining if the getrlimit exist passed with the following output:
Change Dir: /home/grvermeer/seheecho/DirectXShaderCompiler/builds/CMakeFiles/CMakeTmp

Run Build Command(s):/usr/bin/ninja cmTC_e0339 && [1/2] Building C object CMakeFiles/cmTC_e0339.dir/CheckSymbolExists.c.o
[2/2] Linking C executable cmTC_e0339


File /home/grvermeer/seheecho/DirectXShaderCompiler/builds/CMakeFiles/CMakeTmp/CheckSymbolExists.c:
/* */
#include <sys/types.h>
#include <sys/time.h>
#include <sys/resource.h>

int main(int argc, char** argv)
{
  (void)argv;
#ifndef getrlimit
  return ((int*)(&getrlimit))[argc];
#else
  (void)argc;
  return 0;
#endif
}
Determining if the posix_spawn exist passed with the following output:
Change Dir: /home/grvermeer/seheecho/DirectXShaderCompiler/builds/CMakeFiles/CMakeTmp

Run Build Command(s):/usr/bin/ninja cmTC_425ee && [1/2] Building C object CMakeFiles/cmTC_425ee.dir/CheckSymbolExists.c.o
[2/2] Linking C executable cmTC_425ee


File /home/grvermeer/seheecho/DirectXShaderCompiler/builds/CMakeFiles/CMakeTmp/CheckSymbolExists.c:
/* */
#include <spawn.h>

int main(int argc, char** argv)
{
  (void)argv;
#ifndef posix_spawn
  return ((int*)(&posix_spawn))[argc];
#else
  (void)argc;
  return 0;
#endif
}
Determining if the pread exist passed with the following output:
Change Dir: /home/grvermeer/seheecho/DirectXShaderCompiler/builds/CMakeFiles/CMakeTmp

Run Build Command(s):/usr/bin/ninja cmTC_3ae5f && [1/2] Building C object CMakeFiles/cmTC_3ae5f.dir/CheckSymbolExists.c.o
[2/2] Linking C executable cmTC_3ae5f


File /home/grvermeer/seheecho/DirectXShaderCompiler/builds/CMakeFiles/CMakeTmp/CheckSymbolExists.c:
/* */
#include <unistd.h>

int main(int argc, char** argv)
{
  (void)argv;
#ifndef pread
  return ((int*)(&pread))[argc];
#else
  (void)argc;
  return 0;
#endif
}
Determining if the realpath exist passed with the following output:
Change Dir: /home/grvermeer/seheecho/DirectXShaderCompiler/builds/CMakeFiles/CMakeTmp

Run Build Command(s):/usr/bin/ninja cmTC_bbd9a && [1/2] Building C object CMakeFiles/cmTC_bbd9a.dir/CheckSymbolExists.c.o
[2/2] Linking C executable cmTC_bbd9a


File /home/grvermeer/seheecho/DirectXShaderCompiler/builds/CMakeFiles/CMakeTmp/CheckSymbolExists.c:
/* */
#include <stdlib.h>

int main(int argc, char** argv)
{
  (void)argv;
#ifndef realpath
  return ((int*)(&realpath))[argc];
#else
  (void)argc;
  return 0;
#endif
}
Determining if the sbrk exist passed with the following output:
Change Dir: /home/grvermeer/seheecho/DirectXShaderCompiler/builds/CMakeFiles/CMakeTmp

Run Build Command(s):/usr/bin/ninja cmTC_983ea && [1/2] Building C object CMakeFiles/cmTC_983ea.dir/CheckSymbolExists.c.o
[2/2] Linking C executable cmTC_983ea


File /home/grvermeer/seheecho/DirectXShaderCompiler/builds/CMakeFiles/CMakeTmp/CheckSymbolExists.c:
/* */
#include <unistd.h>

int main(int argc, char** argv)
{
  (void)argv;
#ifndef sbrk
  return ((int*)(&sbrk))[argc];
#else
  (void)argc;
  return 0;
#endif
}
Determining if the srand48 exist passed with the following output:
Change Dir: /home/grvermeer/seheecho/DirectXShaderCompiler/builds/CMakeFiles/CMakeTmp

Run Build Command(s):/usr/bin/ninja cmTC_e489d && [1/2] Building C object CMakeFiles/cmTC_e489d.dir/CheckSymbolExists.c.o
[2/2] Linking C executable cmTC_e489d


File /home/grvermeer/seheecho/DirectXShaderCompiler/builds/CMakeFiles/CMakeTmp/CheckSymbolExists.c:
/* */
#include <stdlib.h>

int main(int argc, char** argv)
{
  (void)argv;
#ifndef srand48
  return ((int*)(&srand48))[argc];
#else
  (void)argc;
  return 0;
#endif
}
Determining if the lrand48 exist passed with the following output:
Change Dir: /home/grvermeer/seheecho/DirectXShaderCompiler/builds/CMakeFiles/CMakeTmp

Run Build Command(s):/usr/bin/ninja cmTC_1a121 && [1/2] Building C object CMakeFiles/cmTC_1a121.dir/CheckSymbolExists.c.o
[2/2] Linking C executable cmTC_1a121


File /home/grvermeer/seheecho/DirectXShaderCompiler/builds/CMakeFiles/CMakeTmp/CheckSymbolExists.c:
/* */
#include <stdlib.h>

int main(int argc, char** argv)
{
  (void)argv;
#ifndef lrand48
  return ((int*)(&lrand48))[argc];
#else
  (void)argc;
  return 0;
#endif
}
Determining if the drand48 exist passed with the following output:
Change Dir: /home/grvermeer/seheecho/DirectXShaderCompiler/builds/CMakeFiles/CMakeTmp

Run Build Command(s):/usr/bin/ninja cmTC_63cf4 && [1/2] Building C object CMakeFiles/cmTC_63cf4.dir/CheckSymbolExists.c.o
[2/2] Linking C executable cmTC_63cf4


File /home/grvermeer/seheecho/DirectXShaderCompiler/builds/CMakeFiles/CMakeTmp/CheckSymbolExists.c:
/* */
#include <stdlib.h>

int main(int argc, char** argv)
{
  (void)argv;
#ifndef drand48
  return ((int*)(&drand48))[argc];
#else
  (void)argc;
  return 0;
#endif
}
Determining if the strtoll exist passed with the following output:
Change Dir: /home/grvermeer/seheecho/DirectXShaderCompiler/builds/CMakeFiles/CMakeTmp

Run Build Command(s):/usr/bin/ninja cmTC_4c5d8 && [1/2] Building C object CMakeFiles/cmTC_4c5d8.dir/CheckSymbolExists.c.o
[2/2] Linking C executable cmTC_4c5d8


File /home/grvermeer/seheecho/DirectXShaderCompiler/builds/CMakeFiles/CMakeTmp/CheckSymbolExists.c:
/* */
#include <stdlib.h>

int main(int argc, char** argv)
{
  (void)argv;
#ifndef strtoll
  return ((int*)(&strtoll))[argc];
#else
  (void)argc;
  return 0;
#endif
}
Determining if the strtoq exist passed with the following output:
Change Dir: /home/grvermeer/seheecho/DirectXShaderCompiler/builds/CMakeFiles/CMakeTmp

Run Build Command(s):/usr/bin/ninja cmTC_051c4 && [1/2] Building C object CMakeFiles/cmTC_051c4.dir/CheckSymbolExists.c.o
[2/2] Linking C executable cmTC_051c4


File /home/grvermeer/seheecho/DirectXShaderCompiler/builds/CMakeFiles/CMakeTmp/CheckSymbolExists.c:
/* */
#include <stdlib.h>

int main(int argc, char** argv)
{
  (void)argv;
#ifndef strtoq
  return ((int*)(&strtoq))[argc];
#else
  (void)argc;
  return 0;
#endif
}
Determining if the strerror exist passed with the following output:
Change Dir: /home/grvermeer/seheecho/DirectXShaderCompiler/builds/CMakeFiles/CMakeTmp

Run Build Command(s):/usr/bin/ninja cmTC_80ad0 && [1/2] Building C object CMakeFiles/cmTC_80ad0.dir/CheckSymbolExists.c.o
[2/2] Linking C executable cmTC_80ad0


File /home/grvermeer/seheecho/DirectXShaderCompiler/builds/CMakeFiles/CMakeTmp/CheckSymbolExists.c:
/* */
#include <string.h>

int main(int argc, char** argv)
{
  (void)argv;
#ifndef strerror
  return ((int*)(&strerror))[argc];
#else
  (void)argc;
  return 0;
#endif
}
Determining if the strerror_r exist passed with the following output:
Change Dir: /home/grvermeer/seheecho/DirectXShaderCompiler/builds/CMakeFiles/CMakeTmp

Run Build Command(s):/usr/bin/ninja cmTC_323be && [1/2] Building C object CMakeFiles/cmTC_323be.dir/CheckSymbolExists.c.o
[2/2] Linking C executable cmTC_323be


File /home/grvermeer/seheecho/DirectXShaderCompiler/builds/CMakeFiles/CMakeTmp/CheckSymbolExists.c:
/* */
#include <string.h>

int main(int argc, char** argv)
{
  (void)argv;
#ifndef strerror_r
  return ((int*)(&strerror_r))[argc];
#else
  (void)argc;
  return 0;
#endif
}
Determining if the setenv exist passed with the following output:
Change Dir: /home/grvermeer/seheecho/DirectXShaderCompiler/builds/CMakeFiles/CMakeTmp

Run Build Command(s):/usr/bin/ninja cmTC_3354a && [1/2] Building C object CMakeFiles/cmTC_3354a.dir/CheckSymbolExists.c.o
[2/2] Linking C executable cmTC_3354a


File /home/grvermeer/seheecho/DirectXShaderCompiler/builds/CMakeFiles/CMakeTmp/CheckSymbolExists.c:
/* */
#include <stdlib.h>

int main(int argc, char** argv)
{
  (void)argv;
#ifndef setenv
  return ((int*)(&setenv))[argc];
#else
  (void)argc;
  return 0;
#endif
}
Determining if the dlerror exist passed with the following output:
Change Dir: /home/grvermeer/seheecho/DirectXShaderCompiler/builds/CMakeFiles/CMakeTmp

Run Build Command(s):/usr/bin/ninja cmTC_fbb0b && [1/2] Building C object CMakeFiles/cmTC_fbb0b.dir/CheckSymbolExists.c.o
[2/2] Linking C executable cmTC_fbb0b


File /home/grvermeer/seheecho/DirectXShaderCompiler/builds/CMakeFiles/CMakeTmp/CheckSymbolExists.c:
/* */
#include <dlfcn.h>

int main(int argc, char** argv)
{
  (void)argv;
#ifndef dlerror
  return ((int*)(&dlerror))[argc];
#else
  (void)argc;
  return 0;
#endif
}
Determining if the dlopen exist passed with the following output:
Change Dir: /home/grvermeer/seheecho/DirectXShaderCompiler/builds/CMakeFiles/CMakeTmp

Run Build Command(s):/usr/bin/ninja cmTC_8e6fa && [1/2] Building C object CMakeFiles/cmTC_8e6fa.dir/CheckSymbolExists.c.o
[2/2] Linking C executable cmTC_8e6fa


File /home/grvermeer/seheecho/DirectXShaderCompiler/builds/CMakeFiles/CMakeTmp/CheckSymbolExists.c:
/* */
#include <dlfcn.h>

int main(int argc, char** argv)
{
  (void)argv;
#ifndef dlopen
  return ((int*)(&dlopen))[argc];
#else
  (void)argc;
  return 0;
#endif
}
Determining if the __GLIBC__ exist passed with the following output:
Change Dir: /home/grvermeer/seheecho/DirectXShaderCompiler/builds/CMakeFiles/CMakeTmp

Run Build Command(s):/usr/bin/ninja cmTC_c65ec && [1/2] Building C object CMakeFiles/cmTC_c65ec.dir/CheckSymbolExists.c.o
[2/2] Linking C executable cmTC_c65ec


File /home/grvermeer/seheecho/DirectXShaderCompiler/builds/CMakeFiles/CMakeTmp/CheckSymbolExists.c:
/* */
#include <stdio.h>

int main(int argc, char** argv)
{
  (void)argv;
#ifndef __GLIBC__
  return ((int*)(&__GLIBC__))[argc];
#else
  (void)argc;
  return 0;
#endif
}
Performing C++ SOURCE FILE Test HAVE_INT64_T succeeded with the following output:
Change Dir: /home/grvermeer/seheecho/DirectXShaderCompiler/builds/CMakeFiles/CMakeTmp

Run Build Command(s):/usr/bin/ninja cmTC_af40f && [1/2] Building CXX object CMakeFiles/cmTC_af40f.dir/src.cxx.o
[2/2] Linking CXX executable cmTC_af40f


Source file was:

    #include<sys/types.h>
#include<inttypes.h>
#include<stdint.h>
 int64_t typeVar;
    int main() {
        return 0;
    }
    
Performing C++ SOURCE FILE Test HAVE_UINT64_T succeeded with the following output:
Change Dir: /home/grvermeer/seheecho/DirectXShaderCompiler/builds/CMakeFiles/CMakeTmp

Run Build Command(s):/usr/bin/ninja cmTC_f0d7c && [1/2] Building CXX object CMakeFiles/cmTC_f0d7c.dir/src.cxx.o
[2/2] Linking CXX executable cmTC_f0d7c


Source file was:

    #include<sys/types.h>
#include<inttypes.h>
#include<stdint.h>
 uint64_t typeVar;
    int main() {
        return 0;
    }
    
Performing C++ SOURCE FILE Test HAVE_U_INT64_T succeeded with the following output:
Change Dir: /home/grvermeer/seheecho/DirectXShaderCompiler/builds/CMakeFiles/CMakeTmp

Run Build Command(s):/usr/bin/ninja cmTC_fc35a && [1/2] Building CXX object CMakeFiles/cmTC_fc35a.dir/src.cxx.o
[2/2] Linking CXX executable cmTC_fc35a


Source file was:

    #include<sys/types.h>
#include<inttypes.h>
#include<stdint.h>
 u_int64_t typeVar;
    int main() {
        return 0;
    }
    
Performing C++ SOURCE FILE Test HAVE_CXX_ATOMICS_WITHOUT_LIB succeeded with the following output:
Change Dir: /home/grvermeer/seheecho/DirectXShaderCompiler/builds/CMakeFiles/CMakeTmp

Run Build Command(s):/usr/bin/ninja cmTC_0792e && [1/2] Building CXX object CMakeFiles/cmTC_0792e.dir/src.cxx.o
[2/2] Linking CXX executable cmTC_0792e


Source file was:

#include <atomic>
std::atomic<int> x;
int main() {
  return x;
}

Performing C++ SOURCE FILE Test LLVM_HAS_ATOMICS succeeded with the following output:
Change Dir: /home/grvermeer/seheecho/DirectXShaderCompiler/builds/CMakeFiles/CMakeTmp

Run Build Command(s):/usr/bin/ninja cmTC_ac226 && [1/2] Building CXX object CMakeFiles/cmTC_ac226.dir/src.cxx.o
[2/2] Linking CXX executable cmTC_ac226


Source file was:

#ifdef _MSC_VER
#include <Intrin.h> /* Workaround for PR19898. */
#include <windows.h>
#endif
int main() {
#ifdef _MSC_VER
        volatile LONG val = 1;
        MemoryBarrier();
        InterlockedCompareExchange(&val, 0, 1);
        InterlockedIncrement(&val);
        InterlockedDecrement(&val);
#else
        volatile unsigned long val = 1;
        __sync_synchronize();
        __sync_val_compare_and_swap(&val, 1, 0);
        __sync_add_and_fetch(&val, 1);
        __sync_sub_and_fetch(&val, 1);
#endif
        return 0;
      }

Performing C++ SOURCE FILE Test SUPPORTS_NO_VARIADIC_MACROS_FLAG succeeded with the following output:
Change Dir: /home/grvermeer/seheecho/DirectXShaderCompiler/builds/CMakeFiles/CMakeTmp

Run Build Command(s):/usr/bin/ninja cmTC_b6a96 && [1/2] Building CXX object CMakeFiles/cmTC_b6a96.dir/src.cxx.o
[2/2] Linking CXX executable cmTC_b6a96


Source file was:
int main() { return 0; }
Performing C++ SOURCE FILE Test HAS_MAYBE_UNINITIALIZED succeeded with the following output:
Change Dir: /home/grvermeer/seheecho/DirectXShaderCompiler/builds/CMakeFiles/CMakeTmp

Run Build Command(s):/usr/bin/ninja cmTC_e486c && [1/2] Building CXX object CMakeFiles/cmTC_e486c.dir/src.cxx.o
[2/2] Linking CXX executable cmTC_e486c


Source file was:
int main() { return 0; }
Performing C SOURCE FILE Test C_SUPPORTS_FPIC succeeded with the following output:
Change Dir: /home/grvermeer/seheecho/DirectXShaderCompiler/builds/CMakeFiles/CMakeTmp

Run Build Command(s):/usr/bin/ninja cmTC_a2ca0 && [1/2] Building C object CMakeFiles/cmTC_a2ca0.dir/src.c.o
[2/2] Linking C executable cmTC_a2ca0


Source file was:
int main(void) { return 0; }
Performing C++ SOURCE FILE Test CXX_SUPPORTS_FPIC succeeded with the following output:
Change Dir: /home/grvermeer/seheecho/DirectXShaderCompiler/builds/CMakeFiles/CMakeTmp

Run Build Command(s):/usr/bin/ninja cmTC_4cfc3 && [1/2] Building CXX object CMakeFiles/cmTC_4cfc3.dir/src.cxx.o
[2/2] Linking CXX executable cmTC_4cfc3


Source file was:
int main() { return 0; }
Performing C++ SOURCE FILE Test SUPPORTS_FVISIBILITY_INLINES_HIDDEN_FLAG succeeded with the following output:
Change Dir: /home/grvermeer/seheecho/DirectXShaderCompiler/builds/CMakeFiles/CMakeTmp

Run Build Command(s):/usr/bin/ninja cmTC_19e1e && [1/2] Building CXX object CMakeFiles/cmTC_19e1e.dir/src.cxx.o
[2/2] Linking CXX executable cmTC_19e1e


Source file was:
int main() { return 0; }
Performing C SOURCE FILE Test C_SUPPORTS_UNUSED_BUT_SET_VARIABLE succeeded with the following output:
Change Dir: /home/grvermeer/seheecho/DirectXShaderCompiler/builds/CMakeFiles/CMakeTmp

Run Build Command(s):/usr/bin/ninja cmTC_28e02 && [1/2] Building C object CMakeFiles/cmTC_28e02.dir/src.c.o
[2/2] Linking C executable cmTC_28e02


Source file was:
int main(void) { return 0; }
Performing C++ SOURCE FILE Test CXX_SUPPORTS_UNUSED_BUT_SET_VARIABLE succeeded with the following output:
Change Dir: /home/grvermeer/seheecho/DirectXShaderCompiler/builds/CMakeFiles/CMakeTmp

Run Build Command(s):/usr/bin/ninja cmTC_d344d && [1/2] Building CXX object CMakeFiles/cmTC_d344d.dir/src.cxx.o
[2/2] Linking CXX executable cmTC_d344d


Source file was:
int main() { return 0; }
Performing C++ SOURCE FILE Test CXX_SUPPORTS_DEPRECATED_COPY succeeded with the following output:
Change Dir: /home/grvermeer/seheecho/DirectXShaderCompiler/builds/CMakeFiles/CMakeTmp

Run Build Command(s):/usr/bin/ninja cmTC_425b9 && [1/2] Building CXX object CMakeFiles/cmTC_425b9.dir/src.cxx.o
[2/2] Linking CXX executable cmTC_425b9


Source file was:
int main() { return 0; }
Performing C++ SOURCE FILE Test CXX_SUPPORTS_MISSING_FIELD_INITIALIZERS_FLAG succeeded with the following output:
Change Dir: /home/grvermeer/seheecho/DirectXShaderCompiler/builds/CMakeFiles/CMakeTmp

Run Build Command(s):/usr/bin/ninja cmTC_ebaea && [1/2] Building CXX object CMakeFiles/cmTC_ebaea.dir/src.cxx.o
[2/2] Linking CXX executable cmTC_ebaea


Source file was:
int main() { return 0; }
Performing C++ SOURCE FILE Test CXX_SUPPORTS_CXX14 succeeded with the following output:
Change Dir: /home/grvermeer/seheecho/DirectXShaderCompiler/builds/CMakeFiles/CMakeTmp

Run Build Command(s):/usr/bin/ninja cmTC_ad19b && [1/2] Building CXX object CMakeFiles/cmTC_ad19b.dir/src.cxx.o
[2/2] Linking CXX executable cmTC_ad19b


Source file was:
int main() { return 0; }
Performing C SOURCE FILE Test C_SUPPORTS_FNO_FUNCTION_SECTIONS succeeded with the following output:
Change Dir: /home/grvermeer/seheecho/DirectXShaderCompiler/builds/CMakeFiles/CMakeTmp

Run Build Command(s):/usr/bin/ninja cmTC_a7b6f && [1/2] Building C object CMakeFiles/cmTC_a7b6f.dir/src.c.o
[2/2] Linking C executable cmTC_a7b6f


Source file was:
int main(void) { return 0; }
Performing C SOURCE FILE Test C_SUPPORTS_FFUNCTION_SECTIONS succeeded with the following output:
Change Dir: /home/grvermeer/seheecho/DirectXShaderCompiler/builds/CMakeFiles/CMakeTmp

Run Build Command(s):/usr/bin/ninja cmTC_c2ce7 && [1/2] Building C object CMakeFiles/cmTC_c2ce7.dir/src.c.o
[2/2] Linking C executable cmTC_c2ce7


Source file was:
int main(void) { return 0; }
Performing C++ SOURCE FILE Test CXX_SUPPORTS_FFUNCTION_SECTIONS succeeded with the following output:
Change Dir: /home/grvermeer/seheecho/DirectXShaderCompiler/builds/CMakeFiles/CMakeTmp

Run Build Command(s):/usr/bin/ninja cmTC_181bc && [1/2] Building CXX object CMakeFiles/cmTC_181bc.dir/src.cxx.o
[2/2] Linking CXX executable cmTC_181bc


Source file was:
int main() { return 0; }
Performing C SOURCE FILE Test C_SUPPORTS_FDATA_SECTIONS succeeded with the following output:
Change Dir: /home/grvermeer/seheecho/DirectXShaderCompiler/builds/CMakeFiles/CMakeTmp

Run Build Command(s):/usr/bin/ninja cmTC_23362 && [1/2] Building C object CMakeFiles/cmTC_23362.dir/src.c.o
[2/2] Linking C executable cmTC_23362


Source file was:
int main(void) { return 0; }
Performing C++ SOURCE FILE Test CXX_SUPPORTS_FDATA_SECTIONS succeeded with the following output:
Change Dir: /home/grvermeer/seheecho/DirectXShaderCompiler/builds/CMakeFiles/CMakeTmp

Run Build Command(s):/usr/bin/ninja cmTC_909ca && [1/2] Building CXX object CMakeFiles/cmTC_909ca.dir/src.cxx.o
[2/2] Linking CXX executable cmTC_909ca


Source file was:
int main() { return 0; }
Determining if the include file pthread.h exists passed with the following output:
Change Dir: /home/grvermeer/seheecho/DirectXShaderCompiler/builds/CMakeFiles/CMakeTmp

Run Build Command(s):/usr/bin/ninja cmTC_87b51 && [1/2] Building C object CMakeFiles/cmTC_87b51.dir/CheckIncludeFile.c.o
[2/2] Linking C executable cmTC_87b51



Performing C SOURCE FILE Test CMAKE_HAVE_LIBC_PTHREAD succeeded with the following output:
Change Dir: /home/grvermeer/seheecho/DirectXShaderCompiler/builds/CMakeFiles/CMakeTmp

Run Build Command(s):/usr/bin/ninja cmTC_ca80c && [1/2] Building C object CMakeFiles/cmTC_ca80c.dir/src.c.o
[2/2] Linking C executable cmTC_ca80c


Source file was:
#include <pthread.h>

static void* test_func(void* data)
{
  return data;
}

int main(void)
{
  pthread_t thread;
  pthread_create(&thread, NULL, test_func, NULL);
  pthread_detach(thread);
  pthread_cancel(thread);
  pthread_join(thread, NULL);
  pthread_atfork(NULL, NULL, NULL);
  pthread_exit(NULL);

  return 0;
}

